{"C:\\Users\\fijou\\OneDrive\\Bureau\\CodeLingo Student\\Server-CodeLingo\\Controllers\\CourseController.js": {"path":"C:\\Users\\fijou\\OneDrive\\Bureau\\CodeLingo Student\\Server-CodeLingo\\Controllers\\CourseController.js","statementMap":{"0":{"start":{"line":1,"column":15},"end":{"line":1,"column":42}},"1":{"start":{"line":3,"column":0},"end":{"line":12,"column":2}},"2":{"start":{"line":4,"column":2},"end":{"line":11,"column":3}},"3":{"start":{"line":5,"column":51},"end":{"line":5,"column":59}},"4":{"start":{"line":6,"column":17},"end":{"line":6,"column":55}},"5":{"start":{"line":7,"column":23},"end":{"line":7,"column":48}},"6":{"start":{"line":8,"column":4},"end":{"line":8,"column":37}},"7":{"start":{"line":10,"column":4},"end":{"line":10,"column":51}},"8":{"start":{"line":14,"column":0},"end":{"line":26,"column":2}},"9":{"start":{"line":15,"column":2},"end":{"line":25,"column":3}},"10":{"start":{"line":16,"column":4},"end":{"line":22,"column":7}},"11":{"start":{"line":17,"column":6},"end":{"line":21,"column":7}},"12":{"start":{"line":18,"column":8},"end":{"line":18,"column":38}},"13":{"start":{"line":20,"column":8},"end":{"line":20,"column":50}},"14":{"start":{"line":24,"column":4},"end":{"line":24,"column":47}},"15":{"start":{"line":28,"column":0},"end":{"line":37,"column":2}},"16":{"start":{"line":29,"column":2},"end":{"line":36,"column":3}},"17":{"start":{"line":30,"column":28},"end":{"line":32,"column":6}},"18":{"start":{"line":33,"column":4},"end":{"line":33,"column":42}},"19":{"start":{"line":35,"column":4},"end":{"line":35,"column":49}},"20":{"start":{"line":39,"column":0},"end":{"line":48,"column":2}},"21":{"start":{"line":40,"column":2},"end":{"line":47,"column":3}},"22":{"start":{"line":41,"column":27},"end":{"line":43,"column":6}},"23":{"start":{"line":44,"column":4},"end":{"line":44,"column":41}},"24":{"start":{"line":46,"column":4},"end":{"line":46,"column":49}},"25":{"start":{"line":50,"column":0},"end":{"line":59,"column":2}},"26":{"start":{"line":51,"column":2},"end":{"line":58,"column":3}},"27":{"start":{"line":52,"column":33},"end":{"line":54,"column":6}},"28":{"start":{"line":55,"column":4},"end":{"line":55,"column":47}},"29":{"start":{"line":57,"column":4},"end":{"line":57,"column":49}},"30":{"start":{"line":61,"column":0},"end":{"line":70,"column":2}},"31":{"start":{"line":62,"column":2},"end":{"line":69,"column":3}},"32":{"start":{"line":63,"column":33},"end":{"line":65,"column":6}},"33":{"start":{"line":66,"column":4},"end":{"line":66,"column":47}},"34":{"start":{"line":68,"column":4},"end":{"line":68,"column":49}},"35":{"start":{"line":72,"column":0},"end":{"line":84,"column":2}},"36":{"start":{"line":73,"column":2},"end":{"line":83,"column":3}},"37":{"start":{"line":74,"column":19},"end":{"line":74,"column":79}},"38":{"start":{"line":76,"column":4},"end":{"line":80,"column":5}},"39":{"start":{"line":77,"column":6},"end":{"line":77,"column":35}},"40":{"start":{"line":79,"column":6},"end":{"line":79,"column":60}},"41":{"start":{"line":82,"column":4},"end":{"line":82,"column":30}},"42":{"start":{"line":88,"column":0},"end":{"line":103,"column":2}},"43":{"start":{"line":89,"column":2},"end":{"line":102,"column":3}},"44":{"start":{"line":90,"column":26},"end":{"line":94,"column":5}},"45":{"start":{"line":95,"column":4},"end":{"line":97,"column":5}},"46":{"start":{"line":96,"column":6},"end":{"line":96,"column":67}},"47":{"start":{"line":99,"column":4},"end":{"line":99,"column":40}},"48":{"start":{"line":101,"column":4},"end":{"line":101,"column":30}},"49":{"start":{"line":106,"column":0},"end":{"line":117,"column":2}},"50":{"start":{"line":107,"column":2},"end":{"line":116,"column":3}},"51":{"start":{"line":108,"column":19},"end":{"line":108,"column":61}},"52":{"start":{"line":109,"column":4},"end":{"line":111,"column":5}},"53":{"start":{"line":110,"column":6},"end":{"line":110,"column":67}},"54":{"start":{"line":113,"column":4},"end":{"line":113,"column":33}},"55":{"start":{"line":115,"column":4},"end":{"line":115,"column":30}}},"fnMap":{"0":{"name":"(anonymous_0)","decl":{"start":{"line":3,"column":21},"end":{"line":3,"column":22}},"loc":{"start":{"line":3,"column":41},"end":{"line":12,"column":1}},"line":3},"1":{"name":"(anonymous_1)","decl":{"start":{"line":14,"column":26},"end":{"line":14,"column":27}},"loc":{"start":{"line":14,"column":46},"end":{"line":26,"column":1}},"line":14},"2":{"name":"(anonymous_2)","decl":{"start":{"line":16,"column":31},"end":{"line":16,"column":32}},"loc":{"start":{"line":16,"column":44},"end":{"line":22,"column":5}},"line":16},"3":{"name":"(anonymous_3)","decl":{"start":{"line":28,"column":31},"end":{"line":28,"column":32}},"loc":{"start":{"line":28,"column":51},"end":{"line":37,"column":1}},"line":28},"4":{"name":"(anonymous_4)","decl":{"start":{"line":39,"column":30},"end":{"line":39,"column":31}},"loc":{"start":{"line":39,"column":50},"end":{"line":48,"column":1}},"line":39},"5":{"name":"(anonymous_5)","decl":{"start":{"line":50,"column":44},"end":{"line":50,"column":45}},"loc":{"start":{"line":50,"column":64},"end":{"line":59,"column":1}},"line":50},"6":{"name":"(anonymous_6)","decl":{"start":{"line":61,"column":34},"end":{"line":61,"column":35}},"loc":{"start":{"line":61,"column":54},"end":{"line":70,"column":1}},"line":61},"7":{"name":"(anonymous_7)","decl":{"start":{"line":72,"column":24},"end":{"line":72,"column":25}},"loc":{"start":{"line":72,"column":44},"end":{"line":84,"column":1}},"line":72},"8":{"name":"(anonymous_8)","decl":{"start":{"line":88,"column":31},"end":{"line":88,"column":32}},"loc":{"start":{"line":88,"column":51},"end":{"line":103,"column":1}},"line":88},"9":{"name":"(anonymous_9)","decl":{"start":{"line":106,"column":32},"end":{"line":106,"column":33}},"loc":{"start":{"line":106,"column":52},"end":{"line":117,"column":1}},"line":106}},"branchMap":{"0":{"loc":{"start":{"line":17,"column":6},"end":{"line":21,"column":7}},"type":"if","locations":[{"start":{"line":17,"column":6},"end":{"line":21,"column":7}},{"start":{"line":19,"column":13},"end":{"line":21,"column":7}}],"line":17},"1":{"loc":{"start":{"line":76,"column":4},"end":{"line":80,"column":5}},"type":"if","locations":[{"start":{"line":76,"column":4},"end":{"line":80,"column":5}},{"start":{"line":78,"column":11},"end":{"line":80,"column":5}}],"line":76},"2":{"loc":{"start":{"line":95,"column":4},"end":{"line":97,"column":5}},"type":"if","locations":[{"start":{"line":95,"column":4},"end":{"line":97,"column":5}},{"start":{},"end":{}}],"line":95},"3":{"loc":{"start":{"line":109,"column":4},"end":{"line":111,"column":5}},"type":"if","locations":[{"start":{"line":109,"column":4},"end":{"line":111,"column":5}},{"start":{},"end":{}}],"line":109}},"s":{"0":1,"1":1,"2":0,"3":0,"4":0,"5":0,"6":0,"7":0,"8":1,"9":0,"10":0,"11":0,"12":0,"13":0,"14":0,"15":1,"16":0,"17":0,"18":0,"19":0,"20":1,"21":0,"22":0,"23":0,"24":0,"25":1,"26":0,"27":0,"28":0,"29":0,"30":1,"31":2,"32":2,"33":1,"34":1,"35":1,"36":0,"37":0,"38":0,"39":0,"40":0,"41":0,"42":1,"43":0,"44":0,"45":0,"46":0,"47":0,"48":0,"49":1,"50":0,"51":0,"52":0,"53":0,"54":0,"55":0},"f":{"0":0,"1":0,"2":0,"3":0,"4":0,"5":0,"6":2,"7":0,"8":0,"9":0},"b":{"0":[0,0],"1":[0,0],"2":[0,0],"3":[0,0]},"_coverageSchema":"1a1c01bbd47fc00a2c39e90264f33305004495a9","hash":"689b2ffe12401046e18beb771d4b585948a8e8e9"}
,"C:\\Users\\fijou\\OneDrive\\Bureau\\CodeLingo Student\\Server-CodeLingo\\Controllers\\EnrollementController.js": {"path":"C:\\Users\\fijou\\OneDrive\\Bureau\\CodeLingo Student\\Server-CodeLingo\\Controllers\\EnrollementController.js","statementMap":{"0":{"start":{"line":1,"column":19},"end":{"line":1,"column":51}},"1":{"start":{"line":2,"column":15},"end":{"line":2,"column":42}},"2":{"start":{"line":5,"column":2},"end":{"line":41,"column":3}},"3":{"start":{"line":6,"column":40},"end":{"line":6,"column":48}},"4":{"start":{"line":7,"column":21},"end":{"line":16,"column":7}},"5":{"start":{"line":7,"column":42},"end":{"line":16,"column":5}},"6":{"start":{"line":10,"column":47},"end":{"line":15,"column":7}},"7":{"start":{"line":22,"column":31},"end":{"line":22,"column":77}},"8":{"start":{"line":24,"column":4},"end":{"line":28,"column":5}},"9":{"start":{"line":25,"column":6},"end":{"line":27,"column":71}},"10":{"start":{"line":31,"column":23},"end":{"line":31,"column":69}},"11":{"start":{"line":32,"column":28},"end":{"line":32,"column":51}},"12":{"start":{"line":34,"column":4},"end":{"line":36,"column":80}},"13":{"start":{"line":39,"column":4},"end":{"line":39,"column":57}},"14":{"start":{"line":40,"column":4},"end":{"line":40,"column":51}},"15":{"start":{"line":45,"column":61},"end":{"line":45,"column":69}},"16":{"start":{"line":47,"column":2},"end":{"line":113,"column":3}},"17":{"start":{"line":49,"column":23},"end":{"line":49,"column":69}},"18":{"start":{"line":51,"column":4},"end":{"line":110,"column":5}},"19":{"start":{"line":53,"column":27},"end":{"line":55,"column":7}},"20":{"start":{"line":54,"column":15},"end":{"line":54,"column":45}},"21":{"start":{"line":57,"column":6},"end":{"line":107,"column":7}},"22":{"start":{"line":59,"column":31},"end":{"line":61,"column":9}},"23":{"start":{"line":60,"column":17},"end":{"line":60,"column":51}},"24":{"start":{"line":63,"column":8},"end":{"line":76,"column":9}},"25":{"start":{"line":65,"column":10},"end":{"line":65,"column":49}},"26":{"start":{"line":66,"column":10},"end":{"line":66,"column":56}},"27":{"start":{"line":67,"column":10},"end":{"line":67,"column":51}},"28":{"start":{"line":70,"column":10},"end":{"line":75,"column":13}},"29":{"start":{"line":79,"column":36},"end":{"line":81,"column":9}},"30":{"start":{"line":80,"column":17},"end":{"line":80,"column":37}},"31":{"start":{"line":82,"column":8},"end":{"line":82,"column":57}},"32":{"start":{"line":84,"column":8},"end":{"line":84,"column":32}},"33":{"start":{"line":85,"column":8},"end":{"line":87,"column":74}},"34":{"start":{"line":90,"column":8},"end":{"line":101,"column":11}},"35":{"start":{"line":103,"column":8},"end":{"line":103,"column":32}},"36":{"start":{"line":104,"column":8},"end":{"line":106,"column":74}},"37":{"start":{"line":109,"column":6},"end":{"line":109,"column":64}},"38":{"start":{"line":112,"column":4},"end":{"line":112,"column":59}},"39":{"start":{"line":117,"column":2},"end":{"line":153,"column":3}},"40":{"start":{"line":118,"column":19},"end":{"line":118,"column":36}},"41":{"start":{"line":119,"column":4},"end":{"line":119,"column":60}},"42":{"start":{"line":120,"column":24},"end":{"line":120,"column":65}},"43":{"start":{"line":122,"column":4},"end":{"line":122,"column":45}},"44":{"start":{"line":124,"column":4},"end":{"line":128,"column":5}},"45":{"start":{"line":125,"column":6},"end":{"line":127,"column":66}},"46":{"start":{"line":130,"column":24},"end":{"line":130,"column":26}},"47":{"start":{"line":132,"column":4},"end":{"line":145,"column":5}},"48":{"start":{"line":133,"column":6},"end":{"line":133,"column":74}},"49":{"start":{"line":134,"column":21},"end":{"line":134,"column":63}},"50":{"start":{"line":135,"column":6},"end":{"line":144,"column":7}},"51":{"start":{"line":136,"column":8},"end":{"line":141,"column":11}},"52":{"start":{"line":143,"column":8},"end":{"line":143,"column":77}},"53":{"start":{"line":147,"column":4},"end":{"line":147,"column":46}},"54":{"start":{"line":149,"column":4},"end":{"line":149,"column":26}},"55":{"start":{"line":151,"column":4},"end":{"line":151,"column":61}},"56":{"start":{"line":152,"column":4},"end":{"line":152,"column":51}},"57":{"start":{"line":157,"column":2},"end":{"line":163,"column":3}},"58":{"start":{"line":158,"column":25},"end":{"line":158,"column":48}},"59":{"start":{"line":159,"column":4},"end":{"line":159,"column":53}},"60":{"start":{"line":160,"column":4},"end":{"line":160,"column":26}},"61":{"start":{"line":162,"column":4},"end":{"line":162,"column":51}},"62":{"start":{"line":167,"column":2},"end":{"line":173,"column":3}},"63":{"start":{"line":168,"column":19},"end":{"line":168,"column":36}},"64":{"start":{"line":169,"column":24},"end":{"line":169,"column":65}},"65":{"start":{"line":170,"column":4},"end":{"line":170,"column":38}},"66":{"start":{"line":172,"column":4},"end":{"line":172,"column":51}},"67":{"start":{"line":177,"column":2},"end":{"line":197,"column":3}},"68":{"start":{"line":178,"column":25},"end":{"line":178,"column":39}},"69":{"start":{"line":179,"column":23},"end":{"line":179,"column":62}},"70":{"start":{"line":181,"column":4},"end":{"line":183,"column":5}},"71":{"start":{"line":182,"column":6},"end":{"line":182,"column":71}},"72":{"start":{"line":185,"column":19},"end":{"line":185,"column":61}},"73":{"start":{"line":186,"column":27},"end":{"line":192,"column":5}},"74":{"start":{"line":194,"column":4},"end":{"line":194,"column":29}},"75":{"start":{"line":196,"column":4},"end":{"line":196,"column":51}},"76":{"start":{"line":201,"column":2},"end":{"line":217,"column":3}},"77":{"start":{"line":202,"column":33},"end":{"line":202,"column":43}},"78":{"start":{"line":203,"column":4},"end":{"line":203,"column":56}},"79":{"start":{"line":204,"column":23},"end":{"line":207,"column":6}},"80":{"start":{"line":209,"column":4},"end":{"line":211,"column":5}},"81":{"start":{"line":210,"column":6},"end":{"line":210,"column":71}},"82":{"start":{"line":214,"column":4},"end":{"line":214,"column":25}},"83":{"start":{"line":216,"column":4},"end":{"line":216,"column":51}},"84":{"start":{"line":220,"column":36},"end":{"line":246,"column":1}},"85":{"start":{"line":221,"column":24},"end":{"line":221,"column":25}},"86":{"start":{"line":222,"column":19},"end":{"line":222,"column":45}},"87":{"start":{"line":225,"column":2},"end":{"line":239,"column":5}},"88":{"start":{"line":226,"column":25},"end":{"line":226,"column":44}},"89":{"start":{"line":227,"column":29},"end":{"line":227,"column":75}},"90":{"start":{"line":227,"column":56},"end":{"line":227,"column":67}},"91":{"start":{"line":230,"column":4},"end":{"line":230,"column":59}},"92":{"start":{"line":234,"column":6},"end":{"line":235,"column":18}},"93":{"start":{"line":234,"column":43},"end":{"line":234,"column":66}},"94":{"start":{"line":237,"column":4},"end":{"line":237,"column":37}},"95":{"start":{"line":238,"column":4},"end":{"line":238,"column":38}},"96":{"start":{"line":242,"column":2},"end":{"line":242,"column":60}},"97":{"start":{"line":245,"column":2},"end":{"line":245,"column":26}},"98":{"start":{"line":248,"column":29},"end":{"line":281,"column":1}},"99":{"start":{"line":249,"column":2},"end":{"line":280,"column":3}},"100":{"start":{"line":250,"column":63},"end":{"line":250,"column":71}},"101":{"start":{"line":252,"column":23},"end":{"line":255,"column":6}},"102":{"start":{"line":256,"column":4},"end":{"line":257,"column":71}},"103":{"start":{"line":257,"column":6},"end":{"line":257,"column":71}},"104":{"start":{"line":260,"column":17},"end":{"line":260,"column":73}},"105":{"start":{"line":260,"column":49},"end":{"line":260,"column":72}},"106":{"start":{"line":261,"column":4},"end":{"line":261,"column":74}},"107":{"start":{"line":261,"column":15},"end":{"line":261,"column":74}},"108":{"start":{"line":263,"column":19},"end":{"line":263,"column":72}},"109":{"start":{"line":263,"column":44},"end":{"line":263,"column":71}},"110":{"start":{"line":264,"column":4},"end":{"line":264,"column":78}},"111":{"start":{"line":264,"column":17},"end":{"line":264,"column":78}},"112":{"start":{"line":267,"column":4},"end":{"line":267,"column":35}},"113":{"start":{"line":268,"column":4},"end":{"line":268,"column":37}},"114":{"start":{"line":269,"column":4},"end":{"line":269,"column":41}},"115":{"start":{"line":272,"column":4},"end":{"line":272,"column":28}},"116":{"start":{"line":275,"column":4},"end":{"line":275,"column":50}},"117":{"start":{"line":277,"column":4},"end":{"line":277,"column":65}},"118":{"start":{"line":279,"column":4},"end":{"line":279,"column":79}},"119":{"start":{"line":283,"column":0},"end":{"line":292,"column":2}}},"fnMap":{"0":{"name":"createEnrollment","decl":{"start":{"line":4,"column":15},"end":{"line":4,"column":31}},"loc":{"start":{"line":4,"column":42},"end":{"line":42,"column":1}},"line":4},"1":{"name":"(anonymous_1)","decl":{"start":{"line":7,"column":31},"end":{"line":7,"column":32}},"loc":{"start":{"line":7,"column":42},"end":{"line":16,"column":5}},"line":7},"2":{"name":"(anonymous_2)","decl":{"start":{"line":10,"column":32},"end":{"line":10,"column":33}},"loc":{"start":{"line":10,"column":47},"end":{"line":15,"column":7}},"line":10},"3":{"name":"handleProgressEnrollement","decl":{"start":{"line":44,"column":15},"end":{"line":44,"column":40}},"loc":{"start":{"line":44,"column":51},"end":{"line":114,"column":1}},"line":44},"4":{"name":"(anonymous_4)","decl":{"start":{"line":54,"column":8},"end":{"line":54,"column":9}},"loc":{"start":{"line":54,"column":15},"end":{"line":54,"column":45}},"line":54},"5":{"name":"(anonymous_5)","decl":{"start":{"line":60,"column":10},"end":{"line":60,"column":11}},"loc":{"start":{"line":60,"column":17},"end":{"line":60,"column":51}},"line":60},"6":{"name":"(anonymous_6)","decl":{"start":{"line":80,"column":10},"end":{"line":80,"column":11}},"loc":{"start":{"line":80,"column":17},"end":{"line":80,"column":37}},"line":80},"7":{"name":"getCoursesByUserId","decl":{"start":{"line":116,"column":15},"end":{"line":116,"column":33}},"loc":{"start":{"line":116,"column":44},"end":{"line":154,"column":1}},"line":116},"8":{"name":"deleteEnrollment","decl":{"start":{"line":156,"column":15},"end":{"line":156,"column":31}},"loc":{"start":{"line":156,"column":42},"end":{"line":164,"column":1}},"line":156},"9":{"name":"getEnrollmentsByUserId","decl":{"start":{"line":166,"column":15},"end":{"line":166,"column":37}},"loc":{"start":{"line":166,"column":48},"end":{"line":174,"column":1}},"line":166},"10":{"name":"getEnrollmentById","decl":{"start":{"line":176,"column":15},"end":{"line":176,"column":32}},"loc":{"start":{"line":176,"column":43},"end":{"line":198,"column":1}},"line":176},"11":{"name":"getEnrollmentByIdCourse","decl":{"start":{"line":200,"column":15},"end":{"line":200,"column":38}},"loc":{"start":{"line":200,"column":49},"end":{"line":218,"column":1}},"line":200},"12":{"name":"(anonymous_12)","decl":{"start":{"line":220,"column":36},"end":{"line":220,"column":37}},"loc":{"start":{"line":220,"column":58},"end":{"line":246,"column":1}},"line":220},"13":{"name":"(anonymous_13)","decl":{"start":{"line":225,"column":30},"end":{"line":225,"column":31}},"loc":{"start":{"line":225,"column":40},"end":{"line":239,"column":3}},"line":225},"14":{"name":"(anonymous_14)","decl":{"start":{"line":227,"column":49},"end":{"line":227,"column":50}},"loc":{"start":{"line":227,"column":56},"end":{"line":227,"column":67}},"line":227},"15":{"name":"(anonymous_15)","decl":{"start":{"line":234,"column":26},"end":{"line":234,"column":27}},"loc":{"start":{"line":234,"column":43},"end":{"line":234,"column":66}},"line":234},"16":{"name":"(anonymous_16)","decl":{"start":{"line":248,"column":29},"end":{"line":248,"column":30}},"loc":{"start":{"line":248,"column":49},"end":{"line":281,"column":1}},"line":248},"17":{"name":"(anonymous_17)","decl":{"start":{"line":260,"column":42},"end":{"line":260,"column":43}},"loc":{"start":{"line":260,"column":49},"end":{"line":260,"column":72}},"line":260},"18":{"name":"(anonymous_18)","decl":{"start":{"line":263,"column":37},"end":{"line":263,"column":38}},"loc":{"start":{"line":263,"column":44},"end":{"line":263,"column":71}},"line":263}},"branchMap":{"0":{"loc":{"start":{"line":24,"column":4},"end":{"line":28,"column":5}},"type":"if","locations":[{"start":{"line":24,"column":4},"end":{"line":28,"column":5}},{"start":{},"end":{}}],"line":24},"1":{"loc":{"start":{"line":51,"column":4},"end":{"line":110,"column":5}},"type":"if","locations":[{"start":{"line":51,"column":4},"end":{"line":110,"column":5}},{"start":{"line":108,"column":11},"end":{"line":110,"column":5}}],"line":51},"2":{"loc":{"start":{"line":57,"column":6},"end":{"line":107,"column":7}},"type":"if","locations":[{"start":{"line":57,"column":6},"end":{"line":107,"column":7}},{"start":{"line":88,"column":13},"end":{"line":107,"column":7}}],"line":57},"3":{"loc":{"start":{"line":63,"column":8},"end":{"line":76,"column":9}},"type":"if","locations":[{"start":{"line":63,"column":8},"end":{"line":76,"column":9}},{"start":{"line":68,"column":15},"end":{"line":76,"column":9}}],"line":63},"4":{"loc":{"start":{"line":124,"column":4},"end":{"line":128,"column":5}},"type":"if","locations":[{"start":{"line":124,"column":4},"end":{"line":128,"column":5}},{"start":{},"end":{}}],"line":124},"5":{"loc":{"start":{"line":124,"column":8},"end":{"line":124,"column":48}},"type":"binary-expr","locations":[{"start":{"line":124,"column":8},"end":{"line":124,"column":20}},{"start":{"line":124,"column":24},"end":{"line":124,"column":48}}],"line":124},"6":{"loc":{"start":{"line":135,"column":6},"end":{"line":144,"column":7}},"type":"if","locations":[{"start":{"line":135,"column":6},"end":{"line":144,"column":7}},{"start":{"line":142,"column":13},"end":{"line":144,"column":7}}],"line":135},"7":{"loc":{"start":{"line":181,"column":4},"end":{"line":183,"column":5}},"type":"if","locations":[{"start":{"line":181,"column":4},"end":{"line":183,"column":5}},{"start":{},"end":{}}],"line":181},"8":{"loc":{"start":{"line":190,"column":16},"end":{"line":190,"column":42}},"type":"cond-expr","locations":[{"start":{"line":190,"column":25},"end":{"line":190,"column":35}},{"start":{"line":190,"column":38},"end":{"line":190,"column":42}}],"line":190},"9":{"loc":{"start":{"line":191,"column":18},"end":{"line":191,"column":47}},"type":"cond-expr","locations":[{"start":{"line":191,"column":27},"end":{"line":191,"column":39}},{"start":{"line":191,"column":42},"end":{"line":191,"column":47}}],"line":191},"10":{"loc":{"start":{"line":209,"column":4},"end":{"line":211,"column":5}},"type":"if","locations":[{"start":{"line":209,"column":4},"end":{"line":211,"column":5}},{"start":{},"end":{}}],"line":209},"11":{"loc":{"start":{"line":256,"column":4},"end":{"line":257,"column":71}},"type":"if","locations":[{"start":{"line":256,"column":4},"end":{"line":257,"column":71}},{"start":{},"end":{}}],"line":256},"12":{"loc":{"start":{"line":261,"column":4},"end":{"line":261,"column":74}},"type":"if","locations":[{"start":{"line":261,"column":4},"end":{"line":261,"column":74}},{"start":{},"end":{}}],"line":261},"13":{"loc":{"start":{"line":264,"column":4},"end":{"line":264,"column":78}},"type":"if","locations":[{"start":{"line":264,"column":4},"end":{"line":264,"column":78}},{"start":{},"end":{}}],"line":264}},"s":{"0":3,"1":3,"2":1,"3":1,"4":1,"5":0,"6":0,"7":1,"8":1,"9":0,"10":1,"11":1,"12":1,"13":0,"14":0,"15":0,"16":0,"17":0,"18":0,"19":0,"20":0,"21":0,"22":0,"23":0,"24":0,"25":0,"26":0,"27":0,"28":0,"29":0,"30":0,"31":0,"32":0,"33":0,"34":0,"35":0,"36":0,"37":0,"38":0,"39":1,"40":1,"41":1,"42":1,"43":1,"44":1,"45":0,"46":1,"47":1,"48":2,"49":2,"50":2,"51":2,"52":0,"53":1,"54":1,"55":0,"56":0,"57":0,"58":0,"59":0,"60":0,"61":0,"62":0,"63":0,"64":0,"65":0,"66":0,"67":0,"68":0,"69":0,"70":0,"71":0,"72":0,"73":0,"74":0,"75":0,"76":0,"77":0,"78":0,"79":0,"80":0,"81":0,"82":0,"83":0,"84":3,"85":0,"86":0,"87":0,"88":0,"89":0,"90":0,"91":0,"92":0,"93":0,"94":0,"95":0,"96":0,"97":0,"98":3,"99":2,"100":2,"101":2,"102":2,"103":1,"104":1,"105":0,"106":1,"107":1,"108":0,"109":0,"110":0,"111":0,"112":0,"113":0,"114":0,"115":0,"116":0,"117":0,"118":0,"119":3},"f":{"0":1,"1":0,"2":0,"3":0,"4":0,"5":0,"6":0,"7":1,"8":0,"9":0,"10":0,"11":0,"12":0,"13":0,"14":0,"15":0,"16":2,"17":0,"18":0},"b":{"0":[0,1],"1":[0,0],"2":[0,0],"3":[0,0],"4":[0,1],"5":[1,1],"6":[2,0],"7":[0,0],"8":[0,0],"9":[0,0],"10":[0,0],"11":[1,1],"12":[1,0],"13":[0,0]},"_coverageSchema":"1a1c01bbd47fc00a2c39e90264f33305004495a9","hash":"7e3c7180ea90ac1d5d14ac40a323e39c0b79bb4e"}
,"C:\\Users\\fijou\\OneDrive\\Bureau\\CodeLingo Student\\Server-CodeLingo\\Controllers\\LessonController.js": {"path":"C:\\Users\\fijou\\OneDrive\\Bureau\\CodeLingo Student\\Server-CodeLingo\\Controllers\\LessonController.js","statementMap":{"0":{"start":{"line":1,"column":15},"end":{"line":1,"column":42}},"1":{"start":{"line":2,"column":13},"end":{"line":2,"column":38}},"2":{"start":{"line":4,"column":0},"end":{"line":24,"column":2}},"3":{"start":{"line":5,"column":2},"end":{"line":23,"column":3}},"4":{"start":{"line":6,"column":39},"end":{"line":6,"column":47}},"5":{"start":{"line":7,"column":17},"end":{"line":7,"column":43}},"6":{"start":{"line":8,"column":22},"end":{"line":8,"column":47}},"7":{"start":{"line":11,"column":17},"end":{"line":11,"column":44}},"8":{"start":{"line":12,"column":4},"end":{"line":14,"column":5}},"9":{"start":{"line":13,"column":6},"end":{"line":13,"column":65}},"10":{"start":{"line":17,"column":4},"end":{"line":17,"column":37}},"11":{"start":{"line":18,"column":4},"end":{"line":18,"column":22}},"12":{"start":{"line":20,"column":4},"end":{"line":20,"column":36}},"13":{"start":{"line":22,"column":4},"end":{"line":22,"column":51}},"14":{"start":{"line":26,"column":0},"end":{"line":38,"column":2}},"15":{"start":{"line":27,"column":2},"end":{"line":37,"column":3}},"16":{"start":{"line":28,"column":4},"end":{"line":34,"column":7}},"17":{"start":{"line":29,"column":6},"end":{"line":33,"column":7}},"18":{"start":{"line":30,"column":8},"end":{"line":30,"column":38}},"19":{"start":{"line":32,"column":8},"end":{"line":32,"column":50}},"20":{"start":{"line":36,"column":4},"end":{"line":36,"column":47}},"21":{"start":{"line":40,"column":0},"end":{"line":52,"column":2}},"22":{"start":{"line":41,"column":2},"end":{"line":51,"column":3}},"23":{"start":{"line":42,"column":19},"end":{"line":42,"column":79}},"24":{"start":{"line":44,"column":4},"end":{"line":48,"column":5}},"25":{"start":{"line":45,"column":6},"end":{"line":45,"column":35}},"26":{"start":{"line":47,"column":6},"end":{"line":47,"column":60}},"27":{"start":{"line":50,"column":4},"end":{"line":50,"column":30}},"28":{"start":{"line":56,"column":0},"end":{"line":71,"column":2}},"29":{"start":{"line":57,"column":2},"end":{"line":70,"column":3}},"30":{"start":{"line":58,"column":26},"end":{"line":62,"column":5}},"31":{"start":{"line":63,"column":4},"end":{"line":65,"column":5}},"32":{"start":{"line":64,"column":6},"end":{"line":64,"column":67}},"33":{"start":{"line":67,"column":4},"end":{"line":67,"column":40}},"34":{"start":{"line":69,"column":4},"end":{"line":69,"column":30}},"35":{"start":{"line":74,"column":0},"end":{"line":85,"column":2}},"36":{"start":{"line":75,"column":2},"end":{"line":84,"column":3}},"37":{"start":{"line":76,"column":19},"end":{"line":76,"column":61}},"38":{"start":{"line":77,"column":4},"end":{"line":79,"column":5}},"39":{"start":{"line":78,"column":6},"end":{"line":78,"column":67}},"40":{"start":{"line":81,"column":4},"end":{"line":81,"column":33}},"41":{"start":{"line":83,"column":4},"end":{"line":83,"column":30}},"42":{"start":{"line":121,"column":0},"end":{"line":156,"column":2}},"43":{"start":{"line":122,"column":2},"end":{"line":155,"column":3}},"44":{"start":{"line":124,"column":20},"end":{"line":131,"column":6}},"45":{"start":{"line":134,"column":39},"end":{"line":149,"column":6}},"46":{"start":{"line":135,"column":24},"end":{"line":139,"column":7}},"47":{"start":{"line":142,"column":6},"end":{"line":146,"column":7}},"48":{"start":{"line":143,"column":8},"end":{"line":143,"column":60}},"49":{"start":{"line":145,"column":8},"end":{"line":145,"column":43}},"50":{"start":{"line":148,"column":6},"end":{"line":148,"column":23}},"51":{"start":{"line":151,"column":4},"end":{"line":151,"column":48}},"52":{"start":{"line":153,"column":4},"end":{"line":153,"column":69}},"53":{"start":{"line":154,"column":4},"end":{"line":154,"column":51}},"54":{"start":{"line":158,"column":0},"end":{"line":167,"column":2}},"55":{"start":{"line":159,"column":2},"end":{"line":166,"column":3}},"56":{"start":{"line":160,"column":19},"end":{"line":160,"column":36}},"57":{"start":{"line":161,"column":20},"end":{"line":161,"column":57}},"58":{"start":{"line":162,"column":4},"end":{"line":162,"column":34}},"59":{"start":{"line":164,"column":4},"end":{"line":164,"column":63}},"60":{"start":{"line":165,"column":4},"end":{"line":165,"column":61}}},"fnMap":{"0":{"name":"(anonymous_0)","decl":{"start":{"line":4,"column":21},"end":{"line":4,"column":22}},"loc":{"start":{"line":4,"column":41},"end":{"line":24,"column":1}},"line":4},"1":{"name":"(anonymous_1)","decl":{"start":{"line":26,"column":26},"end":{"line":26,"column":27}},"loc":{"start":{"line":26,"column":46},"end":{"line":38,"column":1}},"line":26},"2":{"name":"(anonymous_2)","decl":{"start":{"line":28,"column":31},"end":{"line":28,"column":32}},"loc":{"start":{"line":28,"column":44},"end":{"line":34,"column":5}},"line":28},"3":{"name":"(anonymous_3)","decl":{"start":{"line":40,"column":24},"end":{"line":40,"column":25}},"loc":{"start":{"line":40,"column":44},"end":{"line":52,"column":1}},"line":40},"4":{"name":"(anonymous_4)","decl":{"start":{"line":56,"column":31},"end":{"line":56,"column":32}},"loc":{"start":{"line":56,"column":51},"end":{"line":71,"column":1}},"line":56},"5":{"name":"(anonymous_5)","decl":{"start":{"line":74,"column":32},"end":{"line":74,"column":33}},"loc":{"start":{"line":74,"column":52},"end":{"line":85,"column":1}},"line":74},"6":{"name":"(anonymous_6)","decl":{"start":{"line":121,"column":42},"end":{"line":121,"column":43}},"loc":{"start":{"line":121,"column":62},"end":{"line":156,"column":1}},"line":121},"7":{"name":"(anonymous_7)","decl":{"start":{"line":134,"column":51},"end":{"line":134,"column":52}},"loc":{"start":{"line":134,"column":63},"end":{"line":149,"column":5}},"line":134},"8":{"name":"(anonymous_8)","decl":{"start":{"line":158,"column":36},"end":{"line":158,"column":37}},"loc":{"start":{"line":158,"column":56},"end":{"line":167,"column":1}},"line":158}},"branchMap":{"0":{"loc":{"start":{"line":12,"column":4},"end":{"line":14,"column":5}},"type":"if","locations":[{"start":{"line":12,"column":4},"end":{"line":14,"column":5}},{"start":{},"end":{}}],"line":12},"1":{"loc":{"start":{"line":29,"column":6},"end":{"line":33,"column":7}},"type":"if","locations":[{"start":{"line":29,"column":6},"end":{"line":33,"column":7}},{"start":{"line":31,"column":13},"end":{"line":33,"column":7}}],"line":29},"2":{"loc":{"start":{"line":44,"column":4},"end":{"line":48,"column":5}},"type":"if","locations":[{"start":{"line":44,"column":4},"end":{"line":48,"column":5}},{"start":{"line":46,"column":11},"end":{"line":48,"column":5}}],"line":44},"3":{"loc":{"start":{"line":63,"column":4},"end":{"line":65,"column":5}},"type":"if","locations":[{"start":{"line":63,"column":4},"end":{"line":65,"column":5}},{"start":{},"end":{}}],"line":63},"4":{"loc":{"start":{"line":77,"column":4},"end":{"line":79,"column":5}},"type":"if","locations":[{"start":{"line":77,"column":4},"end":{"line":79,"column":5}},{"start":{},"end":{}}],"line":77},"5":{"loc":{"start":{"line":138,"column":19},"end":{"line":138,"column":70}},"type":"cond-expr","locations":[{"start":{"line":138,"column":35},"end":{"line":138,"column":54}},{"start":{"line":138,"column":57},"end":{"line":138,"column":70}}],"line":138},"6":{"loc":{"start":{"line":142,"column":6},"end":{"line":146,"column":7}},"type":"if","locations":[{"start":{"line":142,"column":6},"end":{"line":146,"column":7}},{"start":{"line":144,"column":13},"end":{"line":146,"column":7}}],"line":142},"7":{"loc":{"start":{"line":142,"column":10},"end":{"line":142,"column":49}},"type":"binary-expr","locations":[{"start":{"line":142,"column":10},"end":{"line":142,"column":23}},{"start":{"line":142,"column":27},"end":{"line":142,"column":49}}],"line":142}},"s":{"0":1,"1":1,"2":1,"3":0,"4":0,"5":0,"6":0,"7":0,"8":0,"9":0,"10":0,"11":0,"12":0,"13":0,"14":1,"15":0,"16":0,"17":0,"18":0,"19":0,"20":0,"21":1,"22":0,"23":0,"24":0,"25":0,"26":0,"27":0,"28":1,"29":0,"30":0,"31":0,"32":0,"33":0,"34":0,"35":1,"36":0,"37":0,"38":0,"39":0,"40":0,"41":0,"42":1,"43":0,"44":0,"45":0,"46":0,"47":0,"48":0,"49":0,"50":0,"51":0,"52":0,"53":0,"54":1,"55":3,"56":3,"57":3,"58":2,"59":1,"60":1},"f":{"0":0,"1":0,"2":0,"3":0,"4":0,"5":0,"6":0,"7":0,"8":3},"b":{"0":[0,0],"1":[0,0],"2":[0,0],"3":[0,0],"4":[0,0],"5":[0,0],"6":[0,0],"7":[0,0]},"_coverageSchema":"1a1c01bbd47fc00a2c39e90264f33305004495a9","hash":"b797c20bf65940fd060987c68320536d5cb8b7b0"}
,"C:\\Users\\fijou\\OneDrive\\Bureau\\CodeLingo Student\\Server-CodeLingo\\Controllers\\QuizController.js": {"path":"C:\\Users\\fijou\\OneDrive\\Bureau\\CodeLingo Student\\Server-CodeLingo\\Controllers\\QuizController.js","statementMap":{"0":{"start":{"line":1,"column":13},"end":{"line":1,"column":38}},"1":{"start":{"line":2,"column":15},"end":{"line":2,"column":42}},"2":{"start":{"line":4,"column":0},"end":{"line":24,"column":2}},"3":{"start":{"line":5,"column":2},"end":{"line":23,"column":3}},"4":{"start":{"line":7,"column":6},"end":{"line":7,"column":14}},"5":{"start":{"line":8,"column":17},"end":{"line":8,"column":79}},"6":{"start":{"line":9,"column":20},"end":{"line":9,"column":43}},"7":{"start":{"line":12,"column":19},"end":{"line":12,"column":50}},"8":{"start":{"line":13,"column":4},"end":{"line":15,"column":5}},"9":{"start":{"line":14,"column":6},"end":{"line":14,"column":67}},"10":{"start":{"line":17,"column":4},"end":{"line":17,"column":34}},"11":{"start":{"line":18,"column":4},"end":{"line":18,"column":24}},"12":{"start":{"line":20,"column":4},"end":{"line":20,"column":34}},"13":{"start":{"line":22,"column":4},"end":{"line":22,"column":51}},"14":{"start":{"line":26,"column":0},"end":{"line":38,"column":2}},"15":{"start":{"line":27,"column":2},"end":{"line":37,"column":3}},"16":{"start":{"line":28,"column":4},"end":{"line":34,"column":7}},"17":{"start":{"line":29,"column":6},"end":{"line":33,"column":7}},"18":{"start":{"line":30,"column":8},"end":{"line":30,"column":38}},"19":{"start":{"line":32,"column":8},"end":{"line":32,"column":50}},"20":{"start":{"line":36,"column":4},"end":{"line":36,"column":47}},"21":{"start":{"line":40,"column":0},"end":{"line":52,"column":2}},"22":{"start":{"line":41,"column":2},"end":{"line":51,"column":3}},"23":{"start":{"line":42,"column":19},"end":{"line":42,"column":75}},"24":{"start":{"line":44,"column":4},"end":{"line":48,"column":5}},"25":{"start":{"line":45,"column":6},"end":{"line":45,"column":35}},"26":{"start":{"line":47,"column":6},"end":{"line":47,"column":58}},"27":{"start":{"line":50,"column":4},"end":{"line":50,"column":30}},"28":{"start":{"line":56,"column":0},"end":{"line":71,"column":2}},"29":{"start":{"line":57,"column":2},"end":{"line":70,"column":3}},"30":{"start":{"line":58,"column":24},"end":{"line":62,"column":5}},"31":{"start":{"line":63,"column":4},"end":{"line":65,"column":5}},"32":{"start":{"line":64,"column":6},"end":{"line":64,"column":65}},"33":{"start":{"line":67,"column":4},"end":{"line":67,"column":38}},"34":{"start":{"line":69,"column":4},"end":{"line":69,"column":30}},"35":{"start":{"line":74,"column":0},"end":{"line":85,"column":2}},"36":{"start":{"line":75,"column":2},"end":{"line":84,"column":3}},"37":{"start":{"line":76,"column":17},"end":{"line":76,"column":55}},"38":{"start":{"line":77,"column":4},"end":{"line":79,"column":5}},"39":{"start":{"line":78,"column":6},"end":{"line":78,"column":65}},"40":{"start":{"line":81,"column":4},"end":{"line":81,"column":31}},"41":{"start":{"line":83,"column":4},"end":{"line":83,"column":30}},"42":{"start":{"line":88,"column":0},"end":{"line":97,"column":2}},"43":{"start":{"line":89,"column":2},"end":{"line":96,"column":3}},"44":{"start":{"line":90,"column":21},"end":{"line":90,"column":40}},"45":{"start":{"line":91,"column":20},"end":{"line":91,"column":59}},"46":{"start":{"line":92,"column":4},"end":{"line":92,"column":34}},"47":{"start":{"line":94,"column":4},"end":{"line":94,"column":65}},"48":{"start":{"line":95,"column":4},"end":{"line":95,"column":61}}},"fnMap":{"0":{"name":"(anonymous_0)","decl":{"start":{"line":4,"column":19},"end":{"line":4,"column":20}},"loc":{"start":{"line":4,"column":39},"end":{"line":24,"column":1}},"line":4},"1":{"name":"(anonymous_1)","decl":{"start":{"line":26,"column":26},"end":{"line":26,"column":27}},"loc":{"start":{"line":26,"column":46},"end":{"line":38,"column":1}},"line":26},"2":{"name":"(anonymous_2)","decl":{"start":{"line":28,"column":29},"end":{"line":28,"column":30}},"loc":{"start":{"line":28,"column":42},"end":{"line":34,"column":5}},"line":28},"3":{"name":"(anonymous_3)","decl":{"start":{"line":40,"column":22},"end":{"line":40,"column":23}},"loc":{"start":{"line":40,"column":42},"end":{"line":52,"column":1}},"line":40},"4":{"name":"(anonymous_4)","decl":{"start":{"line":56,"column":29},"end":{"line":56,"column":30}},"loc":{"start":{"line":56,"column":49},"end":{"line":71,"column":1}},"line":56},"5":{"name":"(anonymous_5)","decl":{"start":{"line":74,"column":30},"end":{"line":74,"column":31}},"loc":{"start":{"line":74,"column":50},"end":{"line":85,"column":1}},"line":74},"6":{"name":"(anonymous_6)","decl":{"start":{"line":88,"column":35},"end":{"line":88,"column":36}},"loc":{"start":{"line":88,"column":55},"end":{"line":97,"column":1}},"line":88}},"branchMap":{"0":{"loc":{"start":{"line":13,"column":4},"end":{"line":15,"column":5}},"type":"if","locations":[{"start":{"line":13,"column":4},"end":{"line":15,"column":5}},{"start":{},"end":{}}],"line":13},"1":{"loc":{"start":{"line":29,"column":6},"end":{"line":33,"column":7}},"type":"if","locations":[{"start":{"line":29,"column":6},"end":{"line":33,"column":7}},{"start":{"line":31,"column":13},"end":{"line":33,"column":7}}],"line":29},"2":{"loc":{"start":{"line":44,"column":4},"end":{"line":48,"column":5}},"type":"if","locations":[{"start":{"line":44,"column":4},"end":{"line":48,"column":5}},{"start":{"line":46,"column":11},"end":{"line":48,"column":5}}],"line":44},"3":{"loc":{"start":{"line":63,"column":4},"end":{"line":65,"column":5}},"type":"if","locations":[{"start":{"line":63,"column":4},"end":{"line":65,"column":5}},{"start":{},"end":{}}],"line":63},"4":{"loc":{"start":{"line":77,"column":4},"end":{"line":79,"column":5}},"type":"if","locations":[{"start":{"line":77,"column":4},"end":{"line":79,"column":5}},{"start":{},"end":{}}],"line":77}},"s":{"0":1,"1":1,"2":1,"3":0,"4":0,"5":0,"6":0,"7":0,"8":0,"9":0,"10":0,"11":0,"12":0,"13":0,"14":1,"15":0,"16":0,"17":0,"18":0,"19":0,"20":0,"21":1,"22":0,"23":0,"24":0,"25":0,"26":0,"27":0,"28":1,"29":0,"30":0,"31":0,"32":0,"33":0,"34":0,"35":1,"36":0,"37":0,"38":0,"39":0,"40":0,"41":0,"42":1,"43":3,"44":3,"45":3,"46":2,"47":1,"48":1},"f":{"0":0,"1":0,"2":0,"3":0,"4":0,"5":0,"6":3},"b":{"0":[0,0],"1":[0,0],"2":[0,0],"3":[0,0],"4":[0,0]},"_coverageSchema":"1a1c01bbd47fc00a2c39e90264f33305004495a9","hash":"5136651a930dfe758d2dafaf1631ffa3859b1230"}
,"C:\\Users\\fijou\\OneDrive\\Bureau\\CodeLingo Student\\Server-CodeLingo\\Controllers\\UnitController.js": {"path":"C:\\Users\\fijou\\OneDrive\\Bureau\\CodeLingo Student\\Server-CodeLingo\\Controllers\\UnitController.js","statementMap":{"0":{"start":{"line":1,"column":16},"end":{"line":1,"column":34}},"1":{"start":{"line":2,"column":15},"end":{"line":2,"column":31}},"2":{"start":{"line":4,"column":13},"end":{"line":4,"column":38}},"3":{"start":{"line":5,"column":15},"end":{"line":5,"column":42}},"4":{"start":{"line":6,"column":15},"end":{"line":6,"column":45}},"5":{"start":{"line":7,"column":13},"end":{"line":7,"column":43}},"6":{"start":{"line":10,"column":16},"end":{"line":19,"column":1}},"7":{"start":{"line":11,"column":2},"end":{"line":18,"column":3}},"8":{"start":{"line":12,"column":32},"end":{"line":12,"column":40}},"9":{"start":{"line":13,"column":17},"end":{"line":13,"column":46}},"10":{"start":{"line":14,"column":22},"end":{"line":14,"column":39}},"11":{"start":{"line":15,"column":4},"end":{"line":15,"column":24}},"12":{"start":{"line":17,"column":4},"end":{"line":17,"column":51}},"13":{"start":{"line":23,"column":20},"end":{"line":30,"column":1}},"14":{"start":{"line":24,"column":2},"end":{"line":29,"column":3}},"15":{"start":{"line":25,"column":17},"end":{"line":25,"column":55}},"16":{"start":{"line":26,"column":4},"end":{"line":26,"column":31}},"17":{"start":{"line":28,"column":4},"end":{"line":28,"column":51}},"18":{"start":{"line":33,"column":19},"end":{"line":40,"column":1}},"19":{"start":{"line":34,"column":2},"end":{"line":39,"column":3}},"20":{"start":{"line":35,"column":24},"end":{"line":35,"column":71}},"21":{"start":{"line":36,"column":4},"end":{"line":36,"column":26}},"22":{"start":{"line":38,"column":4},"end":{"line":38,"column":51}},"23":{"start":{"line":43,"column":19},"end":{"line":55,"column":1}},"24":{"start":{"line":44,"column":2},"end":{"line":54,"column":3}},"25":{"start":{"line":45,"column":32},"end":{"line":45,"column":40}},"26":{"start":{"line":46,"column":24},"end":{"line":50,"column":5}},"27":{"start":{"line":51,"column":4},"end":{"line":51,"column":26}},"28":{"start":{"line":53,"column":4},"end":{"line":53,"column":51}},"29":{"start":{"line":58,"column":24},"end":{"line":68,"column":1}},"30":{"start":{"line":59,"column":2},"end":{"line":67,"column":3}},"31":{"start":{"line":60,"column":17},"end":{"line":60,"column":55}},"32":{"start":{"line":61,"column":19},"end":{"line":61,"column":39}},"33":{"start":{"line":62,"column":4},"end":{"line":62,"column":30}},"34":{"start":{"line":63,"column":4},"end":{"line":63,"column":22}},"35":{"start":{"line":64,"column":4},"end":{"line":64,"column":19}},"36":{"start":{"line":66,"column":4},"end":{"line":66,"column":51}},"37":{"start":{"line":71,"column":22},"end":{"line":81,"column":1}},"38":{"start":{"line":72,"column":2},"end":{"line":80,"column":3}},"39":{"start":{"line":73,"column":17},"end":{"line":73,"column":55}},"40":{"start":{"line":74,"column":17},"end":{"line":74,"column":35}},"41":{"start":{"line":75,"column":4},"end":{"line":75,"column":27}},"42":{"start":{"line":76,"column":4},"end":{"line":76,"column":22}},"43":{"start":{"line":77,"column":4},"end":{"line":77,"column":19}},"44":{"start":{"line":79,"column":4},"end":{"line":79,"column":51}},"45":{"start":{"line":83,"column":32},"end":{"line":114,"column":1}},"46":{"start":{"line":84,"column":2},"end":{"line":113,"column":3}},"47":{"start":{"line":86,"column":18},"end":{"line":86,"column":35}},"48":{"start":{"line":89,"column":20},"end":{"line":89,"column":39}},"49":{"start":{"line":92,"column":31},"end":{"line":92,"column":33}},"50":{"start":{"line":93,"column":4},"end":{"line":95,"column":7}},"51":{"start":{"line":94,"column":6},"end":{"line":94,"column":63}},"52":{"start":{"line":98,"column":33},"end":{"line":106,"column":7}},"53":{"start":{"line":98,"column":54},"end":{"line":106,"column":5}},"54":{"start":{"line":108,"column":4},"end":{"line":108,"column":42}},"55":{"start":{"line":110,"column":4},"end":{"line":110,"column":68}},"56":{"start":{"line":111,"column":4},"end":{"line":111,"column":51}},"57":{"start":{"line":112,"column":4},"end":{"line":112,"column":16}},"58":{"start":{"line":116,"column":29},"end":{"line":126,"column":1}},"59":{"start":{"line":117,"column":2},"end":{"line":125,"column":3}},"60":{"start":{"line":118,"column":21},"end":{"line":118,"column":40}},"61":{"start":{"line":120,"column":18},"end":{"line":120,"column":57}},"62":{"start":{"line":121,"column":4},"end":{"line":121,"column":32}},"63":{"start":{"line":123,"column":4},"end":{"line":123,"column":63}},"64":{"start":{"line":124,"column":4},"end":{"line":124,"column":61}},"65":{"start":{"line":128,"column":0},"end":{"line":137,"column":2}}},"fnMap":{"0":{"name":"(anonymous_0)","decl":{"start":{"line":10,"column":16},"end":{"line":10,"column":17}},"loc":{"start":{"line":10,"column":36},"end":{"line":19,"column":1}},"line":10},"1":{"name":"(anonymous_1)","decl":{"start":{"line":23,"column":20},"end":{"line":23,"column":21}},"loc":{"start":{"line":23,"column":40},"end":{"line":30,"column":1}},"line":23},"2":{"name":"(anonymous_2)","decl":{"start":{"line":33,"column":19},"end":{"line":33,"column":20}},"loc":{"start":{"line":33,"column":39},"end":{"line":40,"column":1}},"line":33},"3":{"name":"(anonymous_3)","decl":{"start":{"line":43,"column":19},"end":{"line":43,"column":20}},"loc":{"start":{"line":43,"column":39},"end":{"line":55,"column":1}},"line":43},"4":{"name":"(anonymous_4)","decl":{"start":{"line":58,"column":24},"end":{"line":58,"column":25}},"loc":{"start":{"line":58,"column":44},"end":{"line":68,"column":1}},"line":58},"5":{"name":"(anonymous_5)","decl":{"start":{"line":71,"column":22},"end":{"line":71,"column":23}},"loc":{"start":{"line":71,"column":42},"end":{"line":81,"column":1}},"line":71},"6":{"name":"(anonymous_6)","decl":{"start":{"line":83,"column":32},"end":{"line":83,"column":33}},"loc":{"start":{"line":83,"column":52},"end":{"line":114,"column":1}},"line":83},"7":{"name":"(anonymous_7)","decl":{"start":{"line":93,"column":20},"end":{"line":93,"column":21}},"loc":{"start":{"line":93,"column":32},"end":{"line":95,"column":5}},"line":93},"8":{"name":"(anonymous_8)","decl":{"start":{"line":98,"column":43},"end":{"line":98,"column":44}},"loc":{"start":{"line":98,"column":54},"end":{"line":106,"column":5}},"line":98},"9":{"name":"(anonymous_9)","decl":{"start":{"line":116,"column":29},"end":{"line":116,"column":30}},"loc":{"start":{"line":116,"column":49},"end":{"line":126,"column":1}},"line":116}},"branchMap":{"0":{"loc":{"start":{"line":103,"column":19},"end":{"line":105,"column":15}},"type":"cond-expr","locations":[{"start":{"line":104,"column":10},"end":{"line":104,"column":54}},{"start":{"line":105,"column":10},"end":{"line":105,"column":15}}],"line":103}},"s":{"0":1,"1":1,"2":1,"3":1,"4":1,"5":1,"6":1,"7":1,"8":1,"9":1,"10":1,"11":1,"12":0,"13":1,"14":1,"15":1,"16":1,"17":0,"18":1,"19":1,"20":1,"21":1,"22":0,"23":1,"24":1,"25":1,"26":1,"27":1,"28":0,"29":1,"30":0,"31":0,"32":0,"33":0,"34":0,"35":0,"36":0,"37":1,"38":0,"39":0,"40":0,"41":0,"42":0,"43":0,"44":0,"45":1,"46":1,"47":1,"48":1,"49":1,"50":1,"51":2,"52":1,"53":2,"54":1,"55":0,"56":0,"57":0,"58":1,"59":0,"60":0,"61":0,"62":0,"63":0,"64":0,"65":1},"f":{"0":1,"1":1,"2":1,"3":1,"4":0,"5":0,"6":1,"7":2,"8":2,"9":0},"b":{"0":[2,0]},"_coverageSchema":"1a1c01bbd47fc00a2c39e90264f33305004495a9","hash":"356ccdf63f6528f068711b232c03365e1c60d0de"}
,"C:\\Users\\fijou\\OneDrive\\Bureau\\CodeLingo Student\\Server-CodeLingo\\Models\\Course.js": {"path":"C:\\Users\\fijou\\OneDrive\\Bureau\\CodeLingo Student\\Server-CodeLingo\\Models\\Course.js","statementMap":{"0":{"start":{"line":1,"column":17},"end":{"line":1,"column":36}},"1":{"start":{"line":3,"column":21},"end":{"line":29,"column":2}},"2":{"start":{"line":31,"column":0},"end":{"line":31,"column":56}}},"fnMap":{},"branchMap":{},"s":{"0":6,"1":6,"2":6},"f":{},"b":{},"_coverageSchema":"1a1c01bbd47fc00a2c39e90264f33305004495a9","hash":"4ddaa5f55f9219946df2add1fa913d12d0957842"}
,"C:\\Users\\fijou\\OneDrive\\Bureau\\CodeLingo Student\\Server-CodeLingo\\Models\\Enrollement.js": {"path":"C:\\Users\\fijou\\OneDrive\\Bureau\\CodeLingo Student\\Server-CodeLingo\\Models\\Enrollement.js","statementMap":{"0":{"start":{"line":1,"column":15},"end":{"line":1,"column":34}},"1":{"start":{"line":3,"column":25},"end":{"line":60,"column":2}},"2":{"start":{"line":63,"column":0},"end":{"line":63,"column":51}},"3":{"start":{"line":67,"column":0},"end":{"line":67,"column":61}}},"fnMap":{},"branchMap":{},"s":{"0":3,"1":3,"2":3,"3":3},"f":{},"b":{},"_coverageSchema":"1a1c01bbd47fc00a2c39e90264f33305004495a9","hash":"e33c342c896ad5a967a8dd8f880558aac2781f3b"}
,"C:\\Users\\fijou\\OneDrive\\Bureau\\CodeLingo Student\\Server-CodeLingo\\Models\\Lesson.js": {"path":"C:\\Users\\fijou\\OneDrive\\Bureau\\CodeLingo Student\\Server-CodeLingo\\Models\\Lesson.js","statementMap":{"0":{"start":{"line":1,"column":17},"end":{"line":1,"column":36}},"1":{"start":{"line":3,"column":21},"end":{"line":20,"column":1}},"2":{"start":{"line":22,"column":0},"end":{"line":22,"column":56}}},"fnMap":{},"branchMap":{},"s":{"0":1,"1":1,"2":1},"f":{},"b":{},"_coverageSchema":"1a1c01bbd47fc00a2c39e90264f33305004495a9","hash":"c8ed4607b748c673c736b250a65046794616f96b"}
,"C:\\Users\\fijou\\OneDrive\\Bureau\\CodeLingo Student\\Server-CodeLingo\\Models\\Questions.js": {"path":"C:\\Users\\fijou\\OneDrive\\Bureau\\CodeLingo Student\\Server-CodeLingo\\Models\\Questions.js","statementMap":{"0":{"start":{"line":1,"column":17},"end":{"line":1,"column":36}},"1":{"start":{"line":3,"column":24},"end":{"line":26,"column":1}},"2":{"start":{"line":28,"column":0},"end":{"line":28,"column":62}}},"fnMap":{},"branchMap":{},"s":{"0":1,"1":1,"2":1},"f":{},"b":{},"_coverageSchema":"1a1c01bbd47fc00a2c39e90264f33305004495a9","hash":"9a371f52a0bb2d712ab26b670bb989ac2cad8042"}
,"C:\\Users\\fijou\\OneDrive\\Bureau\\CodeLingo Student\\Server-CodeLingo\\Models\\Quiz.js": {"path":"C:\\Users\\fijou\\OneDrive\\Bureau\\CodeLingo Student\\Server-CodeLingo\\Models\\Quiz.js","statementMap":{"0":{"start":{"line":1,"column":17},"end":{"line":1,"column":36}},"1":{"start":{"line":3,"column":19},"end":{"line":34,"column":1}},"2":{"start":{"line":36,"column":0},"end":{"line":36,"column":52}}},"fnMap":{},"branchMap":{},"s":{"0":1,"1":1,"2":1},"f":{},"b":{},"_coverageSchema":"1a1c01bbd47fc00a2c39e90264f33305004495a9","hash":"5f114ce831f2f1db4bc040dee23a4951afe2596c"}
,"C:\\Users\\fijou\\OneDrive\\Bureau\\CodeLingo Student\\Server-CodeLingo\\Models\\Unit.js": {"path":"C:\\Users\\fijou\\OneDrive\\Bureau\\CodeLingo Student\\Server-CodeLingo\\Models\\Unit.js","statementMap":{"0":{"start":{"line":1,"column":15},"end":{"line":1,"column":34}},"1":{"start":{"line":3,"column":17},"end":{"line":25,"column":2}},"2":{"start":{"line":29,"column":0},"end":{"line":29,"column":48}}},"fnMap":{},"branchMap":{},"s":{"0":2,"1":2,"2":2},"f":{},"b":{},"_coverageSchema":"1a1c01bbd47fc00a2c39e90264f33305004495a9","hash":"8585c192d51f58329d6e4111d12e5d319c50fb01"}
,"C:\\Users\\fijou\\OneDrive\\Bureau\\CodeLingo Student\\Server-CodeLingo\\Routes\\CourseRoutes.js": {"path":"C:\\Users\\fijou\\OneDrive\\Bureau\\CodeLingo Student\\Server-CodeLingo\\Routes\\CourseRoutes.js","statementMap":{"0":{"start":{"line":1,"column":27},"end":{"line":1,"column":69}},"1":{"start":{"line":2,"column":15},"end":{"line":2,"column":33}},"2":{"start":{"line":3,"column":15},"end":{"line":3,"column":23}},"3":{"start":{"line":5,"column":0},"end":{"line":5,"column":58}},"4":{"start":{"line":6,"column":0},"end":{"line":6,"column":67}},"5":{"start":{"line":7,"column":0},"end":{"line":7,"column":77}},"6":{"start":{"line":8,"column":0},"end":{"line":8,"column":75}},"7":{"start":{"line":9,"column":0},"end":{"line":9,"column":93}},"8":{"start":{"line":10,"column":0},"end":{"line":10,"column":102}},"9":{"start":{"line":11,"column":0},"end":{"line":11,"column":71}},"10":{"start":{"line":12,"column":0},"end":{"line":12,"column":75}},"11":{"start":{"line":13,"column":0},"end":{"line":13,"column":74}},"12":{"start":{"line":15,"column":0},"end":{"line":15,"column":24}}},"fnMap":{},"branchMap":{},"s":{"0":1,"1":1,"2":1,"3":1,"4":1,"5":1,"6":1,"7":1,"8":1,"9":1,"10":1,"11":1,"12":1},"f":{},"b":{},"_coverageSchema":"1a1c01bbd47fc00a2c39e90264f33305004495a9","hash":"ec83b8f2228a53f6c111d57513661050d5d04dcd"}
,"C:\\Users\\fijou\\OneDrive\\Bureau\\CodeLingo Student\\Server-CodeLingo\\Routes\\EnrollementRoutes.js": {"path":"C:\\Users\\fijou\\OneDrive\\Bureau\\CodeLingo Student\\Server-CodeLingo\\Routes\\EnrollementRoutes.js","statementMap":{"0":{"start":{"line":1,"column":16},"end":{"line":1,"column":34}},"1":{"start":{"line":2,"column":15},"end":{"line":2,"column":31}},"2":{"start":{"line":4,"column":30},"end":{"line":4,"column":77}},"3":{"start":{"line":6,"column":0},"end":{"line":6,"column":75}},"4":{"start":{"line":8,"column":0},"end":{"line":8,"column":77}},"5":{"start":{"line":10,"column":0},"end":{"line":13,"column":2}},"6":{"start":{"line":17,"column":0},"end":{"line":17,"column":72}},"7":{"start":{"line":18,"column":0},"end":{"line":21,"column":2}},"8":{"start":{"line":23,"column":0},"end":{"line":26,"column":2}},"9":{"start":{"line":27,"column":0},"end":{"line":27,"column":24}}},"fnMap":{},"branchMap":{},"s":{"0":3,"1":3,"2":3,"3":3,"4":3,"5":3,"6":3,"7":3,"8":3,"9":3},"f":{},"b":{},"_coverageSchema":"1a1c01bbd47fc00a2c39e90264f33305004495a9","hash":"b3621ee05258bd4c9df5a6f8cd0db815f267a10e"}
,"C:\\Users\\fijou\\OneDrive\\Bureau\\CodeLingo Student\\Server-CodeLingo\\Routes\\LessonRoutes.js": {"path":"C:\\Users\\fijou\\OneDrive\\Bureau\\CodeLingo Student\\Server-CodeLingo\\Routes\\LessonRoutes.js","statementMap":{"0":{"start":{"line":1,"column":27},"end":{"line":1,"column":69}},"1":{"start":{"line":2,"column":15},"end":{"line":2,"column":33}},"2":{"start":{"line":3,"column":15},"end":{"line":3,"column":23}},"3":{"start":{"line":5,"column":0},"end":{"line":5,"column":58}},"4":{"start":{"line":6,"column":0},"end":{"line":6,"column":67}},"5":{"start":{"line":7,"column":0},"end":{"line":7,"column":71}},"6":{"start":{"line":8,"column":0},"end":{"line":8,"column":72}},"7":{"start":{"line":10,"column":0},"end":{"line":10,"column":74}},"8":{"start":{"line":11,"column":0},"end":{"line":11,"column":76}},"9":{"start":{"line":12,"column":0},"end":{"line":12,"column":75}},"10":{"start":{"line":14,"column":0},"end":{"line":14,"column":24}}},"fnMap":{},"branchMap":{},"s":{"0":1,"1":1,"2":1,"3":1,"4":1,"5":1,"6":1,"7":1,"8":1,"9":1,"10":1},"f":{},"b":{},"_coverageSchema":"1a1c01bbd47fc00a2c39e90264f33305004495a9","hash":"6958a34f140372e14b86ab6c700bb2ee9c7d9b33"}
,"C:\\Users\\fijou\\OneDrive\\Bureau\\CodeLingo Student\\Server-CodeLingo\\Routes\\QuizRoutes.js": {"path":"C:\\Users\\fijou\\OneDrive\\Bureau\\CodeLingo Student\\Server-CodeLingo\\Routes\\QuizRoutes.js","statementMap":{"0":{"start":{"line":1,"column":15},"end":{"line":1,"column":33}},"1":{"start":{"line":2,"column":15},"end":{"line":2,"column":23}},"2":{"start":{"line":3,"column":23},"end":{"line":3,"column":63}},"3":{"start":{"line":5,"column":0},"end":{"line":5,"column":49}},"4":{"start":{"line":6,"column":0},"end":{"line":6,"column":61}},"5":{"start":{"line":7,"column":0},"end":{"line":7,"column":60}},"6":{"start":{"line":9,"column":0},"end":{"line":9,"column":68}},"7":{"start":{"line":10,"column":0},"end":{"line":10,"column":66}},"8":{"start":{"line":11,"column":0},"end":{"line":11,"column":65}},"9":{"start":{"line":13,"column":0},"end":{"line":13,"column":24}}},"fnMap":{},"branchMap":{},"s":{"0":1,"1":1,"2":1,"3":1,"4":1,"5":1,"6":1,"7":1,"8":1,"9":1},"f":{},"b":{},"_coverageSchema":"1a1c01bbd47fc00a2c39e90264f33305004495a9","hash":"0df0ac8f68378768864b5ba730dd3128d0cbb6a9"}
,"C:\\Users\\fijou\\OneDrive\\Bureau\\CodeLingo Student\\Server-CodeLingo\\Routes\\UnitRoute.js": {"path":"C:\\Users\\fijou\\OneDrive\\Bureau\\CodeLingo Student\\Server-CodeLingo\\Routes\\UnitRoute.js","statementMap":{"0":{"start":{"line":1,"column":16},"end":{"line":1,"column":34}},"1":{"start":{"line":2,"column":15},"end":{"line":2,"column":31}},"2":{"start":{"line":3,"column":23},"end":{"line":3,"column":63}},"3":{"start":{"line":5,"column":0},"end":{"line":5,"column":49}},"4":{"start":{"line":6,"column":0},"end":{"line":6,"column":65}},"5":{"start":{"line":7,"column":0},"end":{"line":7,"column":60}},"6":{"start":{"line":8,"column":0},"end":{"line":8,"column":72}},"7":{"start":{"line":9,"column":0},"end":{"line":9,"column":65}},"8":{"start":{"line":10,"column":0},"end":{"line":10,"column":62}},"9":{"start":{"line":11,"column":0},"end":{"line":11,"column":67}},"10":{"start":{"line":12,"column":0},"end":{"line":12,"column":63}},"11":{"start":{"line":14,"column":0},"end":{"line":14,"column":24}}},"fnMap":{},"branchMap":{},"s":{"0":1,"1":1,"2":1,"3":1,"4":1,"5":1,"6":1,"7":1,"8":1,"9":1,"10":1,"11":1},"f":{},"b":{},"_coverageSchema":"1a1c01bbd47fc00a2c39e90264f33305004495a9","hash":"f8e8c5ce8648f6d4a62e3db256d7ef0ed1e1bac7"}
}
