{"C:\\Users\\fijou\\OneDrive\\Bureau\\CodeLingo Student\\Server-CodeLingo\\Controllers\\EnrollementController.js": {"path":"C:\\Users\\fijou\\OneDrive\\Bureau\\CodeLingo Student\\Server-CodeLingo\\Controllers\\EnrollementController.js","statementMap":{"0":{"start":{"line":1,"column":19},"end":{"line":1,"column":51}},"1":{"start":{"line":2,"column":15},"end":{"line":2,"column":42}},"2":{"start":{"line":5,"column":2},"end":{"line":41,"column":3}},"3":{"start":{"line":6,"column":40},"end":{"line":6,"column":48}},"4":{"start":{"line":7,"column":21},"end":{"line":16,"column":7}},"5":{"start":{"line":7,"column":42},"end":{"line":16,"column":5}},"6":{"start":{"line":10,"column":47},"end":{"line":15,"column":7}},"7":{"start":{"line":22,"column":31},"end":{"line":22,"column":77}},"8":{"start":{"line":24,"column":4},"end":{"line":28,"column":5}},"9":{"start":{"line":25,"column":6},"end":{"line":27,"column":71}},"10":{"start":{"line":31,"column":23},"end":{"line":31,"column":69}},"11":{"start":{"line":32,"column":28},"end":{"line":32,"column":51}},"12":{"start":{"line":34,"column":4},"end":{"line":36,"column":80}},"13":{"start":{"line":39,"column":4},"end":{"line":39,"column":57}},"14":{"start":{"line":40,"column":4},"end":{"line":40,"column":51}},"15":{"start":{"line":45,"column":61},"end":{"line":45,"column":69}},"16":{"start":{"line":47,"column":2},"end":{"line":113,"column":3}},"17":{"start":{"line":49,"column":23},"end":{"line":49,"column":69}},"18":{"start":{"line":51,"column":4},"end":{"line":110,"column":5}},"19":{"start":{"line":53,"column":27},"end":{"line":55,"column":7}},"20":{"start":{"line":54,"column":15},"end":{"line":54,"column":45}},"21":{"start":{"line":57,"column":6},"end":{"line":107,"column":7}},"22":{"start":{"line":59,"column":31},"end":{"line":61,"column":9}},"23":{"start":{"line":60,"column":17},"end":{"line":60,"column":51}},"24":{"start":{"line":63,"column":8},"end":{"line":76,"column":9}},"25":{"start":{"line":65,"column":10},"end":{"line":65,"column":49}},"26":{"start":{"line":66,"column":10},"end":{"line":66,"column":56}},"27":{"start":{"line":67,"column":10},"end":{"line":67,"column":51}},"28":{"start":{"line":70,"column":10},"end":{"line":75,"column":13}},"29":{"start":{"line":79,"column":36},"end":{"line":81,"column":9}},"30":{"start":{"line":80,"column":17},"end":{"line":80,"column":37}},"31":{"start":{"line":82,"column":8},"end":{"line":82,"column":57}},"32":{"start":{"line":84,"column":8},"end":{"line":84,"column":32}},"33":{"start":{"line":85,"column":8},"end":{"line":87,"column":74}},"34":{"start":{"line":90,"column":8},"end":{"line":101,"column":11}},"35":{"start":{"line":103,"column":8},"end":{"line":103,"column":32}},"36":{"start":{"line":104,"column":8},"end":{"line":106,"column":74}},"37":{"start":{"line":109,"column":6},"end":{"line":109,"column":64}},"38":{"start":{"line":112,"column":4},"end":{"line":112,"column":59}},"39":{"start":{"line":117,"column":2},"end":{"line":153,"column":3}},"40":{"start":{"line":118,"column":19},"end":{"line":118,"column":36}},"41":{"start":{"line":119,"column":4},"end":{"line":119,"column":60}},"42":{"start":{"line":120,"column":24},"end":{"line":120,"column":65}},"43":{"start":{"line":122,"column":4},"end":{"line":122,"column":45}},"44":{"start":{"line":124,"column":4},"end":{"line":128,"column":5}},"45":{"start":{"line":125,"column":6},"end":{"line":127,"column":66}},"46":{"start":{"line":130,"column":24},"end":{"line":130,"column":26}},"47":{"start":{"line":132,"column":4},"end":{"line":145,"column":5}},"48":{"start":{"line":133,"column":6},"end":{"line":133,"column":74}},"49":{"start":{"line":134,"column":21},"end":{"line":134,"column":63}},"50":{"start":{"line":135,"column":6},"end":{"line":144,"column":7}},"51":{"start":{"line":136,"column":8},"end":{"line":141,"column":11}},"52":{"start":{"line":143,"column":8},"end":{"line":143,"column":77}},"53":{"start":{"line":147,"column":4},"end":{"line":147,"column":46}},"54":{"start":{"line":149,"column":4},"end":{"line":149,"column":26}},"55":{"start":{"line":151,"column":4},"end":{"line":151,"column":61}},"56":{"start":{"line":152,"column":4},"end":{"line":152,"column":51}},"57":{"start":{"line":157,"column":2},"end":{"line":163,"column":3}},"58":{"start":{"line":158,"column":25},"end":{"line":158,"column":48}},"59":{"start":{"line":159,"column":4},"end":{"line":159,"column":53}},"60":{"start":{"line":160,"column":4},"end":{"line":160,"column":26}},"61":{"start":{"line":162,"column":4},"end":{"line":162,"column":51}},"62":{"start":{"line":167,"column":2},"end":{"line":173,"column":3}},"63":{"start":{"line":168,"column":19},"end":{"line":168,"column":36}},"64":{"start":{"line":169,"column":24},"end":{"line":169,"column":65}},"65":{"start":{"line":170,"column":4},"end":{"line":170,"column":38}},"66":{"start":{"line":172,"column":4},"end":{"line":172,"column":51}},"67":{"start":{"line":177,"column":2},"end":{"line":197,"column":3}},"68":{"start":{"line":178,"column":25},"end":{"line":178,"column":39}},"69":{"start":{"line":179,"column":23},"end":{"line":179,"column":62}},"70":{"start":{"line":181,"column":4},"end":{"line":183,"column":5}},"71":{"start":{"line":182,"column":6},"end":{"line":182,"column":71}},"72":{"start":{"line":185,"column":19},"end":{"line":185,"column":61}},"73":{"start":{"line":186,"column":27},"end":{"line":192,"column":5}},"74":{"start":{"line":194,"column":4},"end":{"line":194,"column":29}},"75":{"start":{"line":196,"column":4},"end":{"line":196,"column":51}},"76":{"start":{"line":201,"column":2},"end":{"line":217,"column":3}},"77":{"start":{"line":202,"column":33},"end":{"line":202,"column":43}},"78":{"start":{"line":203,"column":4},"end":{"line":203,"column":56}},"79":{"start":{"line":204,"column":23},"end":{"line":207,"column":6}},"80":{"start":{"line":209,"column":4},"end":{"line":211,"column":5}},"81":{"start":{"line":210,"column":6},"end":{"line":210,"column":71}},"82":{"start":{"line":214,"column":4},"end":{"line":214,"column":25}},"83":{"start":{"line":216,"column":4},"end":{"line":216,"column":51}},"84":{"start":{"line":220,"column":36},"end":{"line":246,"column":1}},"85":{"start":{"line":221,"column":24},"end":{"line":221,"column":25}},"86":{"start":{"line":222,"column":19},"end":{"line":222,"column":45}},"87":{"start":{"line":225,"column":2},"end":{"line":239,"column":5}},"88":{"start":{"line":226,"column":25},"end":{"line":226,"column":44}},"89":{"start":{"line":227,"column":29},"end":{"line":227,"column":75}},"90":{"start":{"line":227,"column":56},"end":{"line":227,"column":67}},"91":{"start":{"line":230,"column":4},"end":{"line":230,"column":59}},"92":{"start":{"line":234,"column":6},"end":{"line":235,"column":18}},"93":{"start":{"line":234,"column":43},"end":{"line":234,"column":66}},"94":{"start":{"line":237,"column":4},"end":{"line":237,"column":37}},"95":{"start":{"line":238,"column":4},"end":{"line":238,"column":38}},"96":{"start":{"line":242,"column":2},"end":{"line":242,"column":60}},"97":{"start":{"line":245,"column":2},"end":{"line":245,"column":26}},"98":{"start":{"line":248,"column":29},"end":{"line":281,"column":1}},"99":{"start":{"line":249,"column":2},"end":{"line":280,"column":3}},"100":{"start":{"line":250,"column":63},"end":{"line":250,"column":71}},"101":{"start":{"line":252,"column":23},"end":{"line":255,"column":6}},"102":{"start":{"line":256,"column":4},"end":{"line":257,"column":71}},"103":{"start":{"line":257,"column":6},"end":{"line":257,"column":71}},"104":{"start":{"line":260,"column":17},"end":{"line":260,"column":73}},"105":{"start":{"line":260,"column":49},"end":{"line":260,"column":72}},"106":{"start":{"line":261,"column":4},"end":{"line":261,"column":74}},"107":{"start":{"line":261,"column":15},"end":{"line":261,"column":74}},"108":{"start":{"line":263,"column":19},"end":{"line":263,"column":72}},"109":{"start":{"line":263,"column":44},"end":{"line":263,"column":71}},"110":{"start":{"line":264,"column":4},"end":{"line":264,"column":78}},"111":{"start":{"line":264,"column":17},"end":{"line":264,"column":78}},"112":{"start":{"line":267,"column":4},"end":{"line":267,"column":35}},"113":{"start":{"line":268,"column":4},"end":{"line":268,"column":37}},"114":{"start":{"line":269,"column":4},"end":{"line":269,"column":41}},"115":{"start":{"line":272,"column":4},"end":{"line":272,"column":28}},"116":{"start":{"line":275,"column":4},"end":{"line":275,"column":50}},"117":{"start":{"line":277,"column":4},"end":{"line":277,"column":65}},"118":{"start":{"line":279,"column":4},"end":{"line":279,"column":79}},"119":{"start":{"line":283,"column":0},"end":{"line":292,"column":2}}},"fnMap":{"0":{"name":"createEnrollment","decl":{"start":{"line":4,"column":15},"end":{"line":4,"column":31}},"loc":{"start":{"line":4,"column":42},"end":{"line":42,"column":1}},"line":4},"1":{"name":"(anonymous_1)","decl":{"start":{"line":7,"column":31},"end":{"line":7,"column":32}},"loc":{"start":{"line":7,"column":42},"end":{"line":16,"column":5}},"line":7},"2":{"name":"(anonymous_2)","decl":{"start":{"line":10,"column":32},"end":{"line":10,"column":33}},"loc":{"start":{"line":10,"column":47},"end":{"line":15,"column":7}},"line":10},"3":{"name":"handleProgressEnrollement","decl":{"start":{"line":44,"column":15},"end":{"line":44,"column":40}},"loc":{"start":{"line":44,"column":51},"end":{"line":114,"column":1}},"line":44},"4":{"name":"(anonymous_4)","decl":{"start":{"line":54,"column":8},"end":{"line":54,"column":9}},"loc":{"start":{"line":54,"column":15},"end":{"line":54,"column":45}},"line":54},"5":{"name":"(anonymous_5)","decl":{"start":{"line":60,"column":10},"end":{"line":60,"column":11}},"loc":{"start":{"line":60,"column":17},"end":{"line":60,"column":51}},"line":60},"6":{"name":"(anonymous_6)","decl":{"start":{"line":80,"column":10},"end":{"line":80,"column":11}},"loc":{"start":{"line":80,"column":17},"end":{"line":80,"column":37}},"line":80},"7":{"name":"getCoursesByUserId","decl":{"start":{"line":116,"column":15},"end":{"line":116,"column":33}},"loc":{"start":{"line":116,"column":44},"end":{"line":154,"column":1}},"line":116},"8":{"name":"deleteEnrollment","decl":{"start":{"line":156,"column":15},"end":{"line":156,"column":31}},"loc":{"start":{"line":156,"column":42},"end":{"line":164,"column":1}},"line":156},"9":{"name":"getEnrollmentsByUserId","decl":{"start":{"line":166,"column":15},"end":{"line":166,"column":37}},"loc":{"start":{"line":166,"column":48},"end":{"line":174,"column":1}},"line":166},"10":{"name":"getEnrollmentById","decl":{"start":{"line":176,"column":15},"end":{"line":176,"column":32}},"loc":{"start":{"line":176,"column":43},"end":{"line":198,"column":1}},"line":176},"11":{"name":"getEnrollmentByIdCourse","decl":{"start":{"line":200,"column":15},"end":{"line":200,"column":38}},"loc":{"start":{"line":200,"column":49},"end":{"line":218,"column":1}},"line":200},"12":{"name":"(anonymous_12)","decl":{"start":{"line":220,"column":36},"end":{"line":220,"column":37}},"loc":{"start":{"line":220,"column":58},"end":{"line":246,"column":1}},"line":220},"13":{"name":"(anonymous_13)","decl":{"start":{"line":225,"column":30},"end":{"line":225,"column":31}},"loc":{"start":{"line":225,"column":40},"end":{"line":239,"column":3}},"line":225},"14":{"name":"(anonymous_14)","decl":{"start":{"line":227,"column":49},"end":{"line":227,"column":50}},"loc":{"start":{"line":227,"column":56},"end":{"line":227,"column":67}},"line":227},"15":{"name":"(anonymous_15)","decl":{"start":{"line":234,"column":26},"end":{"line":234,"column":27}},"loc":{"start":{"line":234,"column":43},"end":{"line":234,"column":66}},"line":234},"16":{"name":"(anonymous_16)","decl":{"start":{"line":248,"column":29},"end":{"line":248,"column":30}},"loc":{"start":{"line":248,"column":49},"end":{"line":281,"column":1}},"line":248},"17":{"name":"(anonymous_17)","decl":{"start":{"line":260,"column":42},"end":{"line":260,"column":43}},"loc":{"start":{"line":260,"column":49},"end":{"line":260,"column":72}},"line":260},"18":{"name":"(anonymous_18)","decl":{"start":{"line":263,"column":37},"end":{"line":263,"column":38}},"loc":{"start":{"line":263,"column":44},"end":{"line":263,"column":71}},"line":263}},"branchMap":{"0":{"loc":{"start":{"line":24,"column":4},"end":{"line":28,"column":5}},"type":"if","locations":[{"start":{"line":24,"column":4},"end":{"line":28,"column":5}},{"start":{},"end":{}}],"line":24},"1":{"loc":{"start":{"line":51,"column":4},"end":{"line":110,"column":5}},"type":"if","locations":[{"start":{"line":51,"column":4},"end":{"line":110,"column":5}},{"start":{"line":108,"column":11},"end":{"line":110,"column":5}}],"line":51},"2":{"loc":{"start":{"line":57,"column":6},"end":{"line":107,"column":7}},"type":"if","locations":[{"start":{"line":57,"column":6},"end":{"line":107,"column":7}},{"start":{"line":88,"column":13},"end":{"line":107,"column":7}}],"line":57},"3":{"loc":{"start":{"line":63,"column":8},"end":{"line":76,"column":9}},"type":"if","locations":[{"start":{"line":63,"column":8},"end":{"line":76,"column":9}},{"start":{"line":68,"column":15},"end":{"line":76,"column":9}}],"line":63},"4":{"loc":{"start":{"line":124,"column":4},"end":{"line":128,"column":5}},"type":"if","locations":[{"start":{"line":124,"column":4},"end":{"line":128,"column":5}},{"start":{},"end":{}}],"line":124},"5":{"loc":{"start":{"line":124,"column":8},"end":{"line":124,"column":48}},"type":"binary-expr","locations":[{"start":{"line":124,"column":8},"end":{"line":124,"column":20}},{"start":{"line":124,"column":24},"end":{"line":124,"column":48}}],"line":124},"6":{"loc":{"start":{"line":135,"column":6},"end":{"line":144,"column":7}},"type":"if","locations":[{"start":{"line":135,"column":6},"end":{"line":144,"column":7}},{"start":{"line":142,"column":13},"end":{"line":144,"column":7}}],"line":135},"7":{"loc":{"start":{"line":181,"column":4},"end":{"line":183,"column":5}},"type":"if","locations":[{"start":{"line":181,"column":4},"end":{"line":183,"column":5}},{"start":{},"end":{}}],"line":181},"8":{"loc":{"start":{"line":190,"column":16},"end":{"line":190,"column":42}},"type":"cond-expr","locations":[{"start":{"line":190,"column":25},"end":{"line":190,"column":35}},{"start":{"line":190,"column":38},"end":{"line":190,"column":42}}],"line":190},"9":{"loc":{"start":{"line":191,"column":18},"end":{"line":191,"column":47}},"type":"cond-expr","locations":[{"start":{"line":191,"column":27},"end":{"line":191,"column":39}},{"start":{"line":191,"column":42},"end":{"line":191,"column":47}}],"line":191},"10":{"loc":{"start":{"line":209,"column":4},"end":{"line":211,"column":5}},"type":"if","locations":[{"start":{"line":209,"column":4},"end":{"line":211,"column":5}},{"start":{},"end":{}}],"line":209},"11":{"loc":{"start":{"line":256,"column":4},"end":{"line":257,"column":71}},"type":"if","locations":[{"start":{"line":256,"column":4},"end":{"line":257,"column":71}},{"start":{},"end":{}}],"line":256},"12":{"loc":{"start":{"line":261,"column":4},"end":{"line":261,"column":74}},"type":"if","locations":[{"start":{"line":261,"column":4},"end":{"line":261,"column":74}},{"start":{},"end":{}}],"line":261},"13":{"loc":{"start":{"line":264,"column":4},"end":{"line":264,"column":78}},"type":"if","locations":[{"start":{"line":264,"column":4},"end":{"line":264,"column":78}},{"start":{},"end":{}}],"line":264}},"s":{"0":2,"1":2,"2":2,"3":2,"4":2,"5":1,"6":2,"7":2,"8":1,"9":0,"10":1,"11":1,"12":1,"13":1,"14":1,"15":0,"16":0,"17":0,"18":0,"19":0,"20":0,"21":0,"22":0,"23":0,"24":0,"25":0,"26":0,"27":0,"28":0,"29":0,"30":0,"31":0,"32":0,"33":0,"34":0,"35":0,"36":0,"37":0,"38":0,"39":1,"40":1,"41":1,"42":1,"43":1,"44":1,"45":0,"46":1,"47":1,"48":2,"49":2,"50":2,"51":2,"52":0,"53":1,"54":1,"55":0,"56":0,"57":0,"58":0,"59":0,"60":0,"61":0,"62":0,"63":0,"64":0,"65":0,"66":0,"67":0,"68":0,"69":0,"70":0,"71":0,"72":0,"73":0,"74":0,"75":0,"76":0,"77":0,"78":0,"79":0,"80":0,"81":0,"82":0,"83":0,"84":2,"85":0,"86":0,"87":0,"88":0,"89":0,"90":0,"91":0,"92":0,"93":0,"94":0,"95":0,"96":0,"97":0,"98":2,"99":0,"100":0,"101":0,"102":0,"103":0,"104":0,"105":0,"106":0,"107":0,"108":0,"109":0,"110":0,"111":0,"112":0,"113":0,"114":0,"115":0,"116":0,"117":0,"118":0,"119":2},"f":{"0":2,"1":1,"2":2,"3":0,"4":0,"5":0,"6":0,"7":1,"8":0,"9":0,"10":0,"11":0,"12":0,"13":0,"14":0,"15":0,"16":0,"17":0,"18":0},"b":{"0":[0,1],"1":[0,0],"2":[0,0],"3":[0,0],"4":[0,1],"5":[1,1],"6":[2,0],"7":[0,0],"8":[0,0],"9":[0,0],"10":[0,0],"11":[0,0],"12":[0,0],"13":[0,0]},"_coverageSchema":"1a1c01bbd47fc00a2c39e90264f33305004495a9","hash":"7e3c7180ea90ac1d5d14ac40a323e39c0b79bb4e"}
,"C:\\Users\\fijou\\OneDrive\\Bureau\\CodeLingo Student\\Server-CodeLingo\\Controllers\\QuestionController.js": {"path":"C:\\Users\\fijou\\OneDrive\\Bureau\\CodeLingo Student\\Server-CodeLingo\\Controllers\\QuestionController.js","statementMap":{"0":{"start":{"line":1,"column":17},"end":{"line":1,"column":47}},"1":{"start":{"line":2,"column":13},"end":{"line":2,"column":38}},"2":{"start":{"line":4,"column":0},"end":{"line":102,"column":2}},"3":{"start":{"line":6,"column":4},"end":{"line":38,"column":5}},"4":{"start":{"line":7,"column":58},"end":{"line":7,"column":66}},"5":{"start":{"line":9,"column":6},"end":{"line":16,"column":7}},"6":{"start":{"line":15,"column":8},"end":{"line":15,"column":79}},"7":{"start":{"line":18,"column":6},"end":{"line":25,"column":7}},"8":{"start":{"line":19,"column":8},"end":{"line":24,"column":10}},"9":{"start":{"line":27,"column":26},"end":{"line":32,"column":8}},"10":{"start":{"line":33,"column":6},"end":{"line":33,"column":31}},"11":{"start":{"line":35,"column":6},"end":{"line":35,"column":40}},"12":{"start":{"line":37,"column":6},"end":{"line":37,"column":18}},"13":{"start":{"line":42,"column":23},"end":{"line":42,"column":33}},"14":{"start":{"line":43,"column":4},"end":{"line":55,"column":5}},"15":{"start":{"line":45,"column":19},"end":{"line":45,"column":46}},"16":{"start":{"line":46,"column":6},"end":{"line":48,"column":7}},"17":{"start":{"line":47,"column":8},"end":{"line":47,"column":67}},"18":{"start":{"line":50,"column":24},"end":{"line":50,"column":55}},"19":{"start":{"line":52,"column":6},"end":{"line":52,"column":38}},"20":{"start":{"line":54,"column":6},"end":{"line":54,"column":18}},"21":{"start":{"line":59,"column":4},"end":{"line":68,"column":5}},"22":{"start":{"line":60,"column":29},"end":{"line":60,"column":39}},"23":{"start":{"line":61,"column":23},"end":{"line":61,"column":58}},"24":{"start":{"line":62,"column":6},"end":{"line":64,"column":7}},"25":{"start":{"line":63,"column":8},"end":{"line":63,"column":63}},"26":{"start":{"line":65,"column":6},"end":{"line":65,"column":37}},"27":{"start":{"line":67,"column":6},"end":{"line":67,"column":18}},"28":{"start":{"line":74,"column":4},"end":{"line":89,"column":5}},"29":{"start":{"line":75,"column":30},"end":{"line":85,"column":7}},"30":{"start":{"line":86,"column":6},"end":{"line":86,"column":44}},"31":{"start":{"line":88,"column":6},"end":{"line":88,"column":18}},"32":{"start":{"line":95,"column":4},"end":{"line":100,"column":5}},"33":{"start":{"line":96,"column":6},"end":{"line":96,"column":62}},"34":{"start":{"line":97,"column":6},"end":{"line":97,"column":60}},"35":{"start":{"line":99,"column":6},"end":{"line":99,"column":18}}},"fnMap":{"0":{"name":"(anonymous_0)","decl":{"start":{"line":5,"column":15},"end":{"line":5,"column":16}},"loc":{"start":{"line":5,"column":41},"end":{"line":39,"column":3}},"line":5},"1":{"name":"(anonymous_1)","decl":{"start":{"line":41,"column":19},"end":{"line":41,"column":20}},"loc":{"start":{"line":41,"column":45},"end":{"line":56,"column":3}},"line":41},"2":{"name":"(anonymous_2)","decl":{"start":{"line":58,"column":18},"end":{"line":58,"column":19}},"loc":{"start":{"line":58,"column":44},"end":{"line":69,"column":3}},"line":58},"3":{"name":"(anonymous_3)","decl":{"start":{"line":70,"column":18},"end":{"line":70,"column":19}},"loc":{"start":{"line":70,"column":44},"end":{"line":90,"column":3}},"line":70},"4":{"name":"(anonymous_4)","decl":{"start":{"line":91,"column":18},"end":{"line":91,"column":19}},"loc":{"start":{"line":91,"column":44},"end":{"line":101,"column":3}},"line":91}},"branchMap":{"0":{"loc":{"start":{"line":9,"column":6},"end":{"line":16,"column":7}},"type":"if","locations":[{"start":{"line":9,"column":6},"end":{"line":16,"column":7}},{"start":{},"end":{}}],"line":9},"1":{"loc":{"start":{"line":10,"column":8},"end":{"line":13,"column":31}},"type":"binary-expr","locations":[{"start":{"line":10,"column":8},"end":{"line":10,"column":24}},{"start":{"line":11,"column":8},"end":{"line":11,"column":25}},{"start":{"line":12,"column":8},"end":{"line":12,"column":25}},{"start":{"line":13,"column":8},"end":{"line":13,"column":31}}],"line":10},"2":{"loc":{"start":{"line":18,"column":6},"end":{"line":25,"column":7}},"type":"if","locations":[{"start":{"line":18,"column":6},"end":{"line":25,"column":7}},{"start":{},"end":{}}],"line":18},"3":{"loc":{"start":{"line":46,"column":6},"end":{"line":48,"column":7}},"type":"if","locations":[{"start":{"line":46,"column":6},"end":{"line":48,"column":7}},{"start":{},"end":{}}],"line":46},"4":{"loc":{"start":{"line":62,"column":6},"end":{"line":64,"column":7}},"type":"if","locations":[{"start":{"line":62,"column":6},"end":{"line":64,"column":7}},{"start":{},"end":{}}],"line":62}},"s":{"0":1,"1":1,"2":1,"3":0,"4":0,"5":0,"6":0,"7":0,"8":0,"9":0,"10":0,"11":0,"12":0,"13":3,"14":3,"15":3,"16":3,"17":1,"18":2,"19":2,"20":0,"21":0,"22":0,"23":0,"24":0,"25":0,"26":0,"27":0,"28":0,"29":0,"30":0,"31":0,"32":0,"33":0,"34":0,"35":0},"f":{"0":0,"1":3,"2":0,"3":0,"4":0},"b":{"0":[0,0],"1":[0,0,0,0],"2":[0,0],"3":[1,2],"4":[0,0]},"_coverageSchema":"1a1c01bbd47fc00a2c39e90264f33305004495a9","hash":"0000bddc2c0c3c650a3d0c6d46677ad4cc30688d"}
,"C:\\Users\\fijou\\OneDrive\\Bureau\\CodeLingo Student\\Server-CodeLingo\\Controllers\\QuizController.js": {"path":"C:\\Users\\fijou\\OneDrive\\Bureau\\CodeLingo Student\\Server-CodeLingo\\Controllers\\QuizController.js","statementMap":{"0":{"start":{"line":1,"column":13},"end":{"line":1,"column":38}},"1":{"start":{"line":2,"column":15},"end":{"line":2,"column":42}},"2":{"start":{"line":4,"column":0},"end":{"line":24,"column":2}},"3":{"start":{"line":5,"column":2},"end":{"line":23,"column":3}},"4":{"start":{"line":7,"column":6},"end":{"line":7,"column":14}},"5":{"start":{"line":8,"column":17},"end":{"line":8,"column":79}},"6":{"start":{"line":9,"column":20},"end":{"line":9,"column":43}},"7":{"start":{"line":12,"column":19},"end":{"line":12,"column":50}},"8":{"start":{"line":13,"column":4},"end":{"line":15,"column":5}},"9":{"start":{"line":14,"column":6},"end":{"line":14,"column":67}},"10":{"start":{"line":17,"column":4},"end":{"line":17,"column":34}},"11":{"start":{"line":18,"column":4},"end":{"line":18,"column":24}},"12":{"start":{"line":20,"column":4},"end":{"line":20,"column":34}},"13":{"start":{"line":22,"column":4},"end":{"line":22,"column":51}},"14":{"start":{"line":26,"column":0},"end":{"line":38,"column":2}},"15":{"start":{"line":27,"column":2},"end":{"line":37,"column":3}},"16":{"start":{"line":28,"column":4},"end":{"line":34,"column":7}},"17":{"start":{"line":29,"column":6},"end":{"line":33,"column":7}},"18":{"start":{"line":30,"column":8},"end":{"line":30,"column":38}},"19":{"start":{"line":32,"column":8},"end":{"line":32,"column":50}},"20":{"start":{"line":36,"column":4},"end":{"line":36,"column":47}},"21":{"start":{"line":40,"column":0},"end":{"line":52,"column":2}},"22":{"start":{"line":41,"column":2},"end":{"line":51,"column":3}},"23":{"start":{"line":42,"column":19},"end":{"line":42,"column":75}},"24":{"start":{"line":44,"column":4},"end":{"line":48,"column":5}},"25":{"start":{"line":45,"column":6},"end":{"line":45,"column":35}},"26":{"start":{"line":47,"column":6},"end":{"line":47,"column":58}},"27":{"start":{"line":50,"column":4},"end":{"line":50,"column":30}},"28":{"start":{"line":56,"column":0},"end":{"line":71,"column":2}},"29":{"start":{"line":57,"column":2},"end":{"line":70,"column":3}},"30":{"start":{"line":58,"column":24},"end":{"line":62,"column":5}},"31":{"start":{"line":63,"column":4},"end":{"line":65,"column":5}},"32":{"start":{"line":64,"column":6},"end":{"line":64,"column":65}},"33":{"start":{"line":67,"column":4},"end":{"line":67,"column":38}},"34":{"start":{"line":69,"column":4},"end":{"line":69,"column":30}},"35":{"start":{"line":74,"column":0},"end":{"line":85,"column":2}},"36":{"start":{"line":75,"column":2},"end":{"line":84,"column":3}},"37":{"start":{"line":76,"column":17},"end":{"line":76,"column":62}},"38":{"start":{"line":77,"column":4},"end":{"line":79,"column":5}},"39":{"start":{"line":78,"column":6},"end":{"line":78,"column":65}},"40":{"start":{"line":81,"column":4},"end":{"line":81,"column":31}},"41":{"start":{"line":83,"column":4},"end":{"line":83,"column":30}},"42":{"start":{"line":88,"column":0},"end":{"line":97,"column":2}},"43":{"start":{"line":89,"column":2},"end":{"line":96,"column":3}},"44":{"start":{"line":90,"column":21},"end":{"line":90,"column":40}},"45":{"start":{"line":91,"column":20},"end":{"line":91,"column":59}},"46":{"start":{"line":92,"column":4},"end":{"line":92,"column":34}},"47":{"start":{"line":94,"column":4},"end":{"line":94,"column":65}},"48":{"start":{"line":95,"column":4},"end":{"line":95,"column":61}}},"fnMap":{"0":{"name":"(anonymous_0)","decl":{"start":{"line":4,"column":19},"end":{"line":4,"column":20}},"loc":{"start":{"line":4,"column":39},"end":{"line":24,"column":1}},"line":4},"1":{"name":"(anonymous_1)","decl":{"start":{"line":26,"column":26},"end":{"line":26,"column":27}},"loc":{"start":{"line":26,"column":46},"end":{"line":38,"column":1}},"line":26},"2":{"name":"(anonymous_2)","decl":{"start":{"line":28,"column":29},"end":{"line":28,"column":30}},"loc":{"start":{"line":28,"column":42},"end":{"line":34,"column":5}},"line":28},"3":{"name":"(anonymous_3)","decl":{"start":{"line":40,"column":22},"end":{"line":40,"column":23}},"loc":{"start":{"line":40,"column":42},"end":{"line":52,"column":1}},"line":40},"4":{"name":"(anonymous_4)","decl":{"start":{"line":56,"column":29},"end":{"line":56,"column":30}},"loc":{"start":{"line":56,"column":49},"end":{"line":71,"column":1}},"line":56},"5":{"name":"(anonymous_5)","decl":{"start":{"line":74,"column":30},"end":{"line":74,"column":31}},"loc":{"start":{"line":74,"column":50},"end":{"line":85,"column":1}},"line":74},"6":{"name":"(anonymous_6)","decl":{"start":{"line":88,"column":35},"end":{"line":88,"column":36}},"loc":{"start":{"line":88,"column":55},"end":{"line":97,"column":1}},"line":88}},"branchMap":{"0":{"loc":{"start":{"line":13,"column":4},"end":{"line":15,"column":5}},"type":"if","locations":[{"start":{"line":13,"column":4},"end":{"line":15,"column":5}},{"start":{},"end":{}}],"line":13},"1":{"loc":{"start":{"line":29,"column":6},"end":{"line":33,"column":7}},"type":"if","locations":[{"start":{"line":29,"column":6},"end":{"line":33,"column":7}},{"start":{"line":31,"column":13},"end":{"line":33,"column":7}}],"line":29},"2":{"loc":{"start":{"line":44,"column":4},"end":{"line":48,"column":5}},"type":"if","locations":[{"start":{"line":44,"column":4},"end":{"line":48,"column":5}},{"start":{"line":46,"column":11},"end":{"line":48,"column":5}}],"line":44},"3":{"loc":{"start":{"line":63,"column":4},"end":{"line":65,"column":5}},"type":"if","locations":[{"start":{"line":63,"column":4},"end":{"line":65,"column":5}},{"start":{},"end":{}}],"line":63},"4":{"loc":{"start":{"line":77,"column":4},"end":{"line":79,"column":5}},"type":"if","locations":[{"start":{"line":77,"column":4},"end":{"line":79,"column":5}},{"start":{},"end":{}}],"line":77}},"s":{"0":2,"1":2,"2":2,"3":2,"4":2,"5":2,"6":2,"7":2,"8":2,"9":1,"10":1,"11":1,"12":1,"13":0,"14":2,"15":0,"16":0,"17":0,"18":0,"19":0,"20":0,"21":2,"22":0,"23":0,"24":0,"25":0,"26":0,"27":0,"28":2,"29":0,"30":0,"31":0,"32":0,"33":0,"34":0,"35":2,"36":1,"37":1,"38":1,"39":0,"40":1,"41":0,"42":2,"43":0,"44":0,"45":0,"46":0,"47":0,"48":0},"f":{"0":2,"1":0,"2":0,"3":0,"4":0,"5":1,"6":0},"b":{"0":[1,1],"1":[0,0],"2":[0,0],"3":[0,0],"4":[0,1]},"_coverageSchema":"1a1c01bbd47fc00a2c39e90264f33305004495a9","hash":"3de35518af78f4c24429628ec3ffed5a02bd969a"}
,"C:\\Users\\fijou\\OneDrive\\Bureau\\CodeLingo Student\\Server-CodeLingo\\Controllers\\ResultController.js": {"path":"C:\\Users\\fijou\\OneDrive\\Bureau\\CodeLingo Student\\Server-CodeLingo\\Controllers\\ResultController.js","statementMap":{"0":{"start":{"line":1,"column":15},"end":{"line":1,"column":42}},"1":{"start":{"line":2,"column":10},"end":{"line":2,"column":35}},"2":{"start":{"line":3,"column":24},"end":{"line":3,"column":65}},"3":{"start":{"line":5,"column":0},"end":{"line":104,"column":2}},"4":{"start":{"line":8,"column":31},"end":{"line":8,"column":41}},"5":{"start":{"line":9,"column":12},"end":{"line":14,"column":13}},"6":{"start":{"line":10,"column":28},"end":{"line":10,"column":57}},"7":{"start":{"line":11,"column":12},"end":{"line":11,"column":42}},"8":{"start":{"line":13,"column":12},"end":{"line":13,"column":24}},"9":{"start":{"line":18,"column":31},"end":{"line":18,"column":41}},"10":{"start":{"line":19,"column":12},"end":{"line":24,"column":13}},"11":{"start":{"line":20,"column":28},"end":{"line":20,"column":57}},"12":{"start":{"line":21,"column":12},"end":{"line":21,"column":42}},"13":{"start":{"line":23,"column":12},"end":{"line":23,"column":24}},"14":{"start":{"line":28,"column":12},"end":{"line":37,"column":13}},"15":{"start":{"line":29,"column":39},"end":{"line":29,"column":49}},"16":{"start":{"line":30,"column":27},"end":{"line":30,"column":67}},"17":{"start":{"line":31,"column":12},"end":{"line":33,"column":13}},"18":{"start":{"line":32,"column":16},"end":{"line":32,"column":69}},"19":{"start":{"line":34,"column":12},"end":{"line":34,"column":41}},"20":{"start":{"line":36,"column":12},"end":{"line":36,"column":24}},"21":{"start":{"line":41,"column":12},"end":{"line":68,"column":13}},"22":{"start":{"line":42,"column":84},"end":{"line":42,"column":92}},"23":{"start":{"line":44,"column":39},"end":{"line":44,"column":79}},"24":{"start":{"line":47,"column":16},"end":{"line":49,"column":17}},"25":{"start":{"line":48,"column":20},"end":{"line":48,"column":64}},"26":{"start":{"line":52,"column":34},"end":{"line":59,"column":18}},"27":{"start":{"line":60,"column":36},"end":{"line":60,"column":58}},"28":{"start":{"line":62,"column":16},"end":{"line":64,"column":17}},"29":{"start":{"line":63,"column":20},"end":{"line":63,"column":69}},"30":{"start":{"line":65,"column":16},"end":{"line":65,"column":50}},"31":{"start":{"line":67,"column":16},"end":{"line":67,"column":28}},"32":{"start":{"line":73,"column":12},"end":{"line":102,"column":13}},"33":{"start":{"line":74,"column":43},"end":{"line":74,"column":53}},"34":{"start":{"line":75,"column":58},"end":{"line":75,"column":66}},"35":{"start":{"line":78,"column":31},"end":{"line":78,"column":71}},"36":{"start":{"line":79,"column":16},"end":{"line":81,"column":17}},"37":{"start":{"line":80,"column":20},"end":{"line":80,"column":73}},"38":{"start":{"line":84,"column":38},"end":{"line":94,"column":17}},"39":{"start":{"line":95,"column":16},"end":{"line":97,"column":17}},"40":{"start":{"line":96,"column":20},"end":{"line":96,"column":69}},"41":{"start":{"line":99,"column":16},"end":{"line":99,"column":52}},"42":{"start":{"line":101,"column":16},"end":{"line":101,"column":28}}},"fnMap":{"0":{"name":"(anonymous_0)","decl":{"start":{"line":7,"column":23},"end":{"line":7,"column":24}},"loc":{"start":{"line":7,"column":49},"end":{"line":15,"column":9}},"line":7},"1":{"name":"(anonymous_1)","decl":{"start":{"line":17,"column":24},"end":{"line":17,"column":25}},"loc":{"start":{"line":17,"column":50},"end":{"line":25,"column":9}},"line":17},"2":{"name":"(anonymous_2)","decl":{"start":{"line":27,"column":22},"end":{"line":27,"column":23}},"loc":{"start":{"line":27,"column":48},"end":{"line":38,"column":9}},"line":27},"3":{"name":"(anonymous_3)","decl":{"start":{"line":40,"column":22},"end":{"line":40,"column":23}},"loc":{"start":{"line":40,"column":48},"end":{"line":69,"column":9}},"line":40},"4":{"name":"(anonymous_4)","decl":{"start":{"line":72,"column":22},"end":{"line":72,"column":23}},"loc":{"start":{"line":72,"column":48},"end":{"line":103,"column":9}},"line":72}},"branchMap":{"0":{"loc":{"start":{"line":31,"column":12},"end":{"line":33,"column":13}},"type":"if","locations":[{"start":{"line":31,"column":12},"end":{"line":33,"column":13}},{"start":{},"end":{}}],"line":31},"1":{"loc":{"start":{"line":47,"column":16},"end":{"line":49,"column":17}},"type":"if","locations":[{"start":{"line":47,"column":16},"end":{"line":49,"column":17}},{"start":{},"end":{}}],"line":47},"2":{"loc":{"start":{"line":62,"column":16},"end":{"line":64,"column":17}},"type":"if","locations":[{"start":{"line":62,"column":16},"end":{"line":64,"column":17}},{"start":{},"end":{}}],"line":62},"3":{"loc":{"start":{"line":79,"column":16},"end":{"line":81,"column":17}},"type":"if","locations":[{"start":{"line":79,"column":16},"end":{"line":81,"column":17}},{"start":{},"end":{}}],"line":79},"4":{"loc":{"start":{"line":95,"column":16},"end":{"line":97,"column":17}},"type":"if","locations":[{"start":{"line":95,"column":16},"end":{"line":97,"column":17}},{"start":{},"end":{}}],"line":95}},"s":{"0":1,"1":1,"2":1,"3":1,"4":0,"5":0,"6":0,"7":0,"8":0,"9":0,"10":0,"11":0,"12":0,"13":0,"14":0,"15":0,"16":0,"17":0,"18":0,"19":0,"20":0,"21":1,"22":1,"23":1,"24":1,"25":0,"26":1,"27":1,"28":1,"29":1,"30":1,"31":0,"32":0,"33":0,"34":0,"35":0,"36":0,"37":0,"38":0,"39":0,"40":0,"41":0,"42":0},"f":{"0":0,"1":0,"2":0,"3":1,"4":0},"b":{"0":[0,0],"1":[0,1],"2":[1,0],"3":[0,0],"4":[0,0]},"_coverageSchema":"1a1c01bbd47fc00a2c39e90264f33305004495a9","hash":"fcf4964aa1aebeb0e9bab4d3ef9fc9fdc94c2b99"}
,"C:\\Users\\fijou\\OneDrive\\Bureau\\CodeLingo Student\\Server-CodeLingo\\Models\\Course.js": {"path":"C:\\Users\\fijou\\OneDrive\\Bureau\\CodeLingo Student\\Server-CodeLingo\\Models\\Course.js","statementMap":{"0":{"start":{"line":1,"column":17},"end":{"line":1,"column":36}},"1":{"start":{"line":3,"column":21},"end":{"line":29,"column":2}},"2":{"start":{"line":31,"column":0},"end":{"line":31,"column":56}}},"fnMap":{},"branchMap":{},"s":{"0":5,"1":5,"2":5},"f":{},"b":{},"_coverageSchema":"1a1c01bbd47fc00a2c39e90264f33305004495a9","hash":"4ddaa5f55f9219946df2add1fa913d12d0957842"}
,"C:\\Users\\fijou\\OneDrive\\Bureau\\CodeLingo Student\\Server-CodeLingo\\Models\\Enrollement.js": {"path":"C:\\Users\\fijou\\OneDrive\\Bureau\\CodeLingo Student\\Server-CodeLingo\\Models\\Enrollement.js","statementMap":{"0":{"start":{"line":1,"column":15},"end":{"line":1,"column":34}},"1":{"start":{"line":3,"column":25},"end":{"line":60,"column":2}},"2":{"start":{"line":63,"column":0},"end":{"line":63,"column":51}},"3":{"start":{"line":67,"column":0},"end":{"line":67,"column":61}}},"fnMap":{},"branchMap":{},"s":{"0":2,"1":2,"2":2,"3":2},"f":{},"b":{},"_coverageSchema":"1a1c01bbd47fc00a2c39e90264f33305004495a9","hash":"e33c342c896ad5a967a8dd8f880558aac2781f3b"}
,"C:\\Users\\fijou\\OneDrive\\Bureau\\CodeLingo Student\\Server-CodeLingo\\Models\\Questions.js": {"path":"C:\\Users\\fijou\\OneDrive\\Bureau\\CodeLingo Student\\Server-CodeLingo\\Models\\Questions.js","statementMap":{"0":{"start":{"line":1,"column":17},"end":{"line":1,"column":36}},"1":{"start":{"line":3,"column":24},"end":{"line":26,"column":1}},"2":{"start":{"line":28,"column":0},"end":{"line":28,"column":62}}},"fnMap":{},"branchMap":{},"s":{"0":1,"1":1,"2":1},"f":{},"b":{},"_coverageSchema":"1a1c01bbd47fc00a2c39e90264f33305004495a9","hash":"9a371f52a0bb2d712ab26b670bb989ac2cad8042"}
,"C:\\Users\\fijou\\OneDrive\\Bureau\\CodeLingo Student\\Server-CodeLingo\\Models\\Quiz.js": {"path":"C:\\Users\\fijou\\OneDrive\\Bureau\\CodeLingo Student\\Server-CodeLingo\\Models\\Quiz.js","statementMap":{"0":{"start":{"line":1,"column":17},"end":{"line":1,"column":36}},"1":{"start":{"line":3,"column":19},"end":{"line":34,"column":1}},"2":{"start":{"line":36,"column":0},"end":{"line":36,"column":52}}},"fnMap":{},"branchMap":{},"s":{"0":3,"1":3,"2":3},"f":{},"b":{},"_coverageSchema":"1a1c01bbd47fc00a2c39e90264f33305004495a9","hash":"5f114ce831f2f1db4bc040dee23a4951afe2596c"}
,"C:\\Users\\fijou\\OneDrive\\Bureau\\CodeLingo Student\\Server-CodeLingo\\Models\\Result.js": {"path":"C:\\Users\\fijou\\OneDrive\\Bureau\\CodeLingo Student\\Server-CodeLingo\\Models\\Result.js","statementMap":{"0":{"start":{"line":1,"column":17},"end":{"line":1,"column":36}},"1":{"start":{"line":3,"column":21},"end":{"line":31,"column":24}},"2":{"start":{"line":35,"column":0},"end":{"line":35,"column":56}}},"fnMap":{},"branchMap":{},"s":{"0":1,"1":1,"2":1},"f":{},"b":{},"_coverageSchema":"1a1c01bbd47fc00a2c39e90264f33305004495a9","hash":"d7f805f9caf20fa835b52e4e39de0e83fc702183"}
,"C:\\Users\\fijou\\OneDrive\\Bureau\\CodeLingo Student\\Server-CodeLingo\\Routes\\EnrollementRoutes.js": {"path":"C:\\Users\\fijou\\OneDrive\\Bureau\\CodeLingo Student\\Server-CodeLingo\\Routes\\EnrollementRoutes.js","statementMap":{"0":{"start":{"line":1,"column":16},"end":{"line":1,"column":34}},"1":{"start":{"line":2,"column":15},"end":{"line":2,"column":31}},"2":{"start":{"line":4,"column":30},"end":{"line":4,"column":77}},"3":{"start":{"line":6,"column":0},"end":{"line":6,"column":75}},"4":{"start":{"line":8,"column":0},"end":{"line":8,"column":77}},"5":{"start":{"line":10,"column":0},"end":{"line":13,"column":2}},"6":{"start":{"line":17,"column":0},"end":{"line":17,"column":72}},"7":{"start":{"line":18,"column":0},"end":{"line":21,"column":2}},"8":{"start":{"line":23,"column":0},"end":{"line":26,"column":2}},"9":{"start":{"line":27,"column":0},"end":{"line":27,"column":24}}},"fnMap":{},"branchMap":{},"s":{"0":2,"1":2,"2":2,"3":2,"4":2,"5":2,"6":2,"7":2,"8":2,"9":2},"f":{},"b":{},"_coverageSchema":"1a1c01bbd47fc00a2c39e90264f33305004495a9","hash":"b3621ee05258bd4c9df5a6f8cd0db815f267a10e"}
,"C:\\Users\\fijou\\OneDrive\\Bureau\\CodeLingo Student\\Server-CodeLingo\\utils\\error.js": {"path":"C:\\Users\\fijou\\OneDrive\\Bureau\\CodeLingo Student\\Server-CodeLingo\\utils\\error.js","statementMap":{"0":{"start":{"line":2,"column":21},"end":{"line":7,"column":3}},"1":{"start":{"line":3,"column":18},"end":{"line":3,"column":29}},"2":{"start":{"line":4,"column":4},"end":{"line":4,"column":34}},"3":{"start":{"line":5,"column":4},"end":{"line":5,"column":28}},"4":{"start":{"line":6,"column":4},"end":{"line":6,"column":17}},"5":{"start":{"line":9,"column":2},"end":{"line":11,"column":4}}},"fnMap":{"0":{"name":"(anonymous_0)","decl":{"start":{"line":2,"column":21},"end":{"line":2,"column":22}},"loc":{"start":{"line":2,"column":46},"end":{"line":7,"column":3}},"line":2}},"branchMap":{},"s":{"0":1,"1":0,"2":0,"3":0,"4":0,"5":1},"f":{"0":0},"b":{},"_coverageSchema":"1a1c01bbd47fc00a2c39e90264f33305004495a9","hash":"9961bc57c6bb12478a1c679093af33af7e9926fe"}
}
