TN:
SF:Controllers\EnrollementController.js
FN:4,createEnrollment
FN:7,(anonymous_1)
FN:10,(anonymous_2)
FN:44,handleProgressEnrollement
FN:54,(anonymous_4)
FN:60,(anonymous_5)
FN:80,(anonymous_6)
FN:116,getCoursesByUserId
FN:156,deleteEnrollment
FN:166,getEnrollmentsByUserId
FN:176,getEnrollmentById
FN:200,getEnrollmentByIdCourse
FN:220,(anonymous_12)
FN:225,(anonymous_13)
FN:227,(anonymous_14)
FN:234,(anonymous_15)
FN:248,(anonymous_16)
FN:260,(anonymous_17)
FN:263,(anonymous_18)
FNF:19
FNH:4
FNDA:2,createEnrollment
FNDA:1,(anonymous_1)
FNDA:2,(anonymous_2)
FNDA:0,handleProgressEnrollement
FNDA:0,(anonymous_4)
FNDA:0,(anonymous_5)
FNDA:0,(anonymous_6)
FNDA:1,getCoursesByUserId
FNDA:0,deleteEnrollment
FNDA:0,getEnrollmentsByUserId
FNDA:0,getEnrollmentById
FNDA:0,getEnrollmentByIdCourse
FNDA:0,(anonymous_12)
FNDA:0,(anonymous_13)
FNDA:0,(anonymous_14)
FNDA:0,(anonymous_15)
FNDA:0,(anonymous_16)
FNDA:0,(anonymous_17)
FNDA:0,(anonymous_18)
DA:1,2
DA:2,2
DA:5,2
DA:6,2
DA:7,2
DA:10,2
DA:22,2
DA:24,1
DA:25,0
DA:31,1
DA:32,1
DA:34,1
DA:39,1
DA:40,1
DA:45,0
DA:47,0
DA:49,0
DA:51,0
DA:53,0
DA:54,0
DA:57,0
DA:59,0
DA:60,0
DA:63,0
DA:65,0
DA:66,0
DA:67,0
DA:70,0
DA:79,0
DA:80,0
DA:82,0
DA:84,0
DA:85,0
DA:90,0
DA:103,0
DA:104,0
DA:109,0
DA:112,0
DA:117,1
DA:118,1
DA:119,1
DA:120,1
DA:122,1
DA:124,1
DA:125,0
DA:130,1
DA:132,1
DA:133,2
DA:134,2
DA:135,2
DA:136,2
DA:143,0
DA:147,1
DA:149,1
DA:151,0
DA:152,0
DA:157,0
DA:158,0
DA:159,0
DA:160,0
DA:162,0
DA:167,0
DA:168,0
DA:169,0
DA:170,0
DA:172,0
DA:177,0
DA:178,0
DA:179,0
DA:181,0
DA:182,0
DA:185,0
DA:186,0
DA:194,0
DA:196,0
DA:201,0
DA:202,0
DA:203,0
DA:204,0
DA:209,0
DA:210,0
DA:214,0
DA:216,0
DA:220,2
DA:221,0
DA:222,0
DA:225,0
DA:226,0
DA:227,0
DA:230,0
DA:234,0
DA:237,0
DA:238,0
DA:242,0
DA:245,0
DA:248,2
DA:249,0
DA:250,0
DA:252,0
DA:256,0
DA:257,0
DA:260,0
DA:261,0
DA:263,0
DA:264,0
DA:267,0
DA:268,0
DA:269,0
DA:272,0
DA:275,0
DA:277,0
DA:279,0
DA:283,2
LF:113
LH:30
BRDA:24,0,0,0
BRDA:24,0,1,1
BRDA:51,1,0,0
BRDA:51,1,1,0
BRDA:57,2,0,0
BRDA:57,2,1,0
BRDA:63,3,0,0
BRDA:63,3,1,0
BRDA:124,4,0,0
BRDA:124,4,1,1
BRDA:124,5,0,1
BRDA:124,5,1,1
BRDA:135,6,0,2
BRDA:135,6,1,0
BRDA:181,7,0,0
BRDA:181,7,1,0
BRDA:190,8,0,0
BRDA:190,8,1,0
BRDA:191,9,0,0
BRDA:191,9,1,0
BRDA:209,10,0,0
BRDA:209,10,1,0
BRDA:256,11,0,0
BRDA:256,11,1,0
BRDA:261,12,0,0
BRDA:261,12,1,0
BRDA:264,13,0,0
BRDA:264,13,1,0
BRF:28
BRH:5
end_of_record
TN:
SF:Controllers\QuestionController.js
FN:5,(anonymous_0)
FN:41,(anonymous_1)
FN:58,(anonymous_2)
FN:70,(anonymous_3)
FN:91,(anonymous_4)
FNF:5
FNH:1
FNDA:0,(anonymous_0)
FNDA:3,(anonymous_1)
FNDA:0,(anonymous_2)
FNDA:0,(anonymous_3)
FNDA:0,(anonymous_4)
DA:1,1
DA:2,1
DA:4,1
DA:6,0
DA:7,0
DA:9,0
DA:15,0
DA:18,0
DA:19,0
DA:27,0
DA:33,0
DA:35,0
DA:37,0
DA:42,3
DA:43,3
DA:45,3
DA:46,3
DA:47,1
DA:50,2
DA:52,2
DA:54,0
DA:59,0
DA:60,0
DA:61,0
DA:62,0
DA:63,0
DA:65,0
DA:67,0
DA:74,0
DA:75,0
DA:86,0
DA:88,0
DA:95,0
DA:96,0
DA:97,0
DA:99,0
LF:36
LH:10
BRDA:9,0,0,0
BRDA:9,0,1,0
BRDA:10,1,0,0
BRDA:10,1,1,0
BRDA:10,1,2,0
BRDA:10,1,3,0
BRDA:18,2,0,0
BRDA:18,2,1,0
BRDA:46,3,0,1
BRDA:46,3,1,2
BRDA:62,4,0,0
BRDA:62,4,1,0
BRF:12
BRH:2
end_of_record
TN:
SF:Controllers\QuizController.js
FN:4,(anonymous_0)
FN:26,(anonymous_1)
FN:28,(anonymous_2)
FN:40,(anonymous_3)
FN:56,(anonymous_4)
FN:74,(anonymous_5)
FN:88,(anonymous_6)
FNF:7
FNH:2
FNDA:2,(anonymous_0)
FNDA:0,(anonymous_1)
FNDA:0,(anonymous_2)
FNDA:0,(anonymous_3)
FNDA:0,(anonymous_4)
FNDA:1,(anonymous_5)
FNDA:0,(anonymous_6)
DA:1,2
DA:2,2
DA:4,2
DA:5,2
DA:7,2
DA:8,2
DA:9,2
DA:12,2
DA:13,2
DA:14,1
DA:17,1
DA:18,1
DA:20,1
DA:22,0
DA:26,2
DA:27,0
DA:28,0
DA:29,0
DA:30,0
DA:32,0
DA:36,0
DA:40,2
DA:41,0
DA:42,0
DA:44,0
DA:45,0
DA:47,0
DA:50,0
DA:56,2
DA:57,0
DA:58,0
DA:63,0
DA:64,0
DA:67,0
DA:69,0
DA:74,2
DA:75,1
DA:76,1
DA:77,1
DA:78,0
DA:81,1
DA:83,0
DA:88,2
DA:89,0
DA:90,0
DA:91,0
DA:92,0
DA:94,0
DA:95,0
LF:49
LH:22
BRDA:13,0,0,1
BRDA:13,0,1,1
BRDA:29,1,0,0
BRDA:29,1,1,0
BRDA:44,2,0,0
BRDA:44,2,1,0
BRDA:63,3,0,0
BRDA:63,3,1,0
BRDA:77,4,0,0
BRDA:77,4,1,1
BRF:10
BRH:3
end_of_record
TN:
SF:Controllers\ResultController.js
FN:7,(anonymous_0)
FN:17,(anonymous_1)
FN:27,(anonymous_2)
FN:40,(anonymous_3)
FN:72,(anonymous_4)
FNF:5
FNH:1
FNDA:0,(anonymous_0)
FNDA:0,(anonymous_1)
FNDA:0,(anonymous_2)
FNDA:1,(anonymous_3)
FNDA:0,(anonymous_4)
DA:1,1
DA:2,1
DA:3,1
DA:5,1
DA:8,0
DA:9,0
DA:10,0
DA:11,0
DA:13,0
DA:18,0
DA:19,0
DA:20,0
DA:21,0
DA:23,0
DA:28,0
DA:29,0
DA:30,0
DA:31,0
DA:32,0
DA:34,0
DA:36,0
DA:41,1
DA:42,1
DA:44,1
DA:47,1
DA:48,0
DA:52,1
DA:60,1
DA:62,1
DA:63,1
DA:65,1
DA:67,0
DA:73,0
DA:74,0
DA:75,0
DA:78,0
DA:79,0
DA:80,0
DA:84,0
DA:95,0
DA:96,0
DA:99,0
DA:101,0
LF:43
LH:13
BRDA:31,0,0,0
BRDA:31,0,1,0
BRDA:47,1,0,0
BRDA:47,1,1,1
BRDA:62,2,0,1
BRDA:62,2,1,0
BRDA:79,3,0,0
BRDA:79,3,1,0
BRDA:95,4,0,0
BRDA:95,4,1,0
BRF:10
BRH:2
end_of_record
TN:
SF:Models\Course.js
FNF:0
FNH:0
DA:1,5
DA:3,5
DA:31,5
LF:3
LH:3
BRF:0
BRH:0
end_of_record
TN:
SF:Models\Enrollement.js
FNF:0
FNH:0
DA:1,2
DA:3,2
DA:63,2
DA:67,2
LF:4
LH:4
BRF:0
BRH:0
end_of_record
TN:
SF:Models\Questions.js
FNF:0
FNH:0
DA:1,1
DA:3,1
DA:28,1
LF:3
LH:3
BRF:0
BRH:0
end_of_record
TN:
SF:Models\Quiz.js
FNF:0
FNH:0
DA:1,3
DA:3,3
DA:36,3
LF:3
LH:3
BRF:0
BRH:0
end_of_record
TN:
SF:Models\Result.js
FNF:0
FNH:0
DA:1,1
DA:3,1
DA:35,1
LF:3
LH:3
BRF:0
BRH:0
end_of_record
TN:
SF:Routes\EnrollementRoutes.js
FNF:0
FNH:0
DA:1,2
DA:2,2
DA:4,2
DA:6,2
DA:8,2
DA:10,2
DA:17,2
DA:18,2
DA:23,2
DA:27,2
LF:10
LH:10
BRF:0
BRH:0
end_of_record
TN:
SF:utils\error.js
FN:2,(anonymous_0)
FNF:1
FNH:0
FNDA:0,(anonymous_0)
DA:2,1
DA:3,0
DA:4,0
DA:5,0
DA:6,0
DA:9,1
LF:6
LH:2
BRF:0
BRH:0
end_of_record
