TN:
SF:Controllers\CourseController.js
FN:3,(anonymous_0)
FN:14,(anonymous_1)
FN:16,(anonymous_2)
FN:28,(anonymous_3)
FN:39,(anonymous_4)
FN:50,(anonymous_5)
FN:61,(anonymous_6)
FN:72,(anonymous_7)
FN:88,(anonymous_8)
FN:106,(anonymous_9)
FNF:10
FNH:1
FNDA:0,(anonymous_0)
FNDA:0,(anonymous_1)
FNDA:0,(anonymous_2)
FNDA:0,(anonymous_3)
FNDA:0,(anonymous_4)
FNDA:0,(anonymous_5)
FNDA:2,(anonymous_6)
FNDA:0,(anonymous_7)
FNDA:0,(anonymous_8)
FNDA:0,(anonymous_9)
DA:1,1
DA:3,1
DA:4,0
DA:5,0
DA:6,0
DA:7,0
DA:8,0
DA:10,0
DA:14,1
DA:15,0
DA:16,0
DA:17,0
DA:18,0
DA:20,0
DA:24,0
DA:28,1
DA:29,0
DA:30,0
DA:33,0
DA:35,0
DA:39,1
DA:40,0
DA:41,0
DA:44,0
DA:46,0
DA:50,1
DA:51,0
DA:52,0
DA:55,0
DA:57,0
DA:61,1
DA:62,2
DA:63,2
DA:66,1
DA:68,1
DA:72,1
DA:73,0
DA:74,0
DA:76,0
DA:77,0
DA:79,0
DA:82,0
DA:88,1
DA:89,0
DA:90,0
DA:95,0
DA:96,0
DA:99,0
DA:101,0
DA:106,1
DA:107,0
DA:108,0
DA:109,0
DA:110,0
DA:113,0
DA:115,0
LF:56
LH:14
BRDA:17,0,0,0
BRDA:17,0,1,0
BRDA:76,1,0,0
BRDA:76,1,1,0
BRDA:95,2,0,0
BRDA:95,2,1,0
BRDA:109,3,0,0
BRDA:109,3,1,0
BRF:8
BRH:0
end_of_record
TN:
SF:Controllers\EnrollementController.js
FN:4,createEnrollment
FN:7,(anonymous_1)
FN:10,(anonymous_2)
FN:44,handleProgressEnrollement
FN:54,(anonymous_4)
FN:60,(anonymous_5)
FN:80,(anonymous_6)
FN:116,getCoursesByUserId
FN:156,deleteEnrollment
FN:166,getEnrollmentsByUserId
FN:176,getEnrollmentById
FN:200,getEnrollmentByIdCourse
FN:220,(anonymous_12)
FN:225,(anonymous_13)
FN:227,(anonymous_14)
FN:234,(anonymous_15)
FN:248,(anonymous_16)
FN:260,(anonymous_17)
FN:263,(anonymous_18)
FNF:19
FNH:3
FNDA:1,createEnrollment
FNDA:0,(anonymous_1)
FNDA:0,(anonymous_2)
FNDA:0,handleProgressEnrollement
FNDA:0,(anonymous_4)
FNDA:0,(anonymous_5)
FNDA:0,(anonymous_6)
FNDA:1,getCoursesByUserId
FNDA:0,deleteEnrollment
FNDA:0,getEnrollmentsByUserId
FNDA:0,getEnrollmentById
FNDA:0,getEnrollmentByIdCourse
FNDA:0,(anonymous_12)
FNDA:0,(anonymous_13)
FNDA:0,(anonymous_14)
FNDA:0,(anonymous_15)
FNDA:2,(anonymous_16)
FNDA:0,(anonymous_17)
FNDA:0,(anonymous_18)
DA:1,3
DA:2,3
DA:5,1
DA:6,1
DA:7,1
DA:10,0
DA:22,1
DA:24,1
DA:25,0
DA:31,1
DA:32,1
DA:34,1
DA:39,0
DA:40,0
DA:45,0
DA:47,0
DA:49,0
DA:51,0
DA:53,0
DA:54,0
DA:57,0
DA:59,0
DA:60,0
DA:63,0
DA:65,0
DA:66,0
DA:67,0
DA:70,0
DA:79,0
DA:80,0
DA:82,0
DA:84,0
DA:85,0
DA:90,0
DA:103,0
DA:104,0
DA:109,0
DA:112,0
DA:117,1
DA:118,1
DA:119,1
DA:120,1
DA:122,1
DA:124,1
DA:125,0
DA:130,1
DA:132,1
DA:133,2
DA:134,2
DA:135,2
DA:136,2
DA:143,0
DA:147,1
DA:149,1
DA:151,0
DA:152,0
DA:157,0
DA:158,0
DA:159,0
DA:160,0
DA:162,0
DA:167,0
DA:168,0
DA:169,0
DA:170,0
DA:172,0
DA:177,0
DA:178,0
DA:179,0
DA:181,0
DA:182,0
DA:185,0
DA:186,0
DA:194,0
DA:196,0
DA:201,0
DA:202,0
DA:203,0
DA:204,0
DA:209,0
DA:210,0
DA:214,0
DA:216,0
DA:220,3
DA:221,0
DA:222,0
DA:225,0
DA:226,0
DA:227,0
DA:230,0
DA:234,0
DA:237,0
DA:238,0
DA:242,0
DA:245,0
DA:248,3
DA:249,2
DA:250,2
DA:252,2
DA:256,2
DA:257,1
DA:260,1
DA:261,1
DA:263,0
DA:264,0
DA:267,0
DA:268,0
DA:269,0
DA:272,0
DA:275,0
DA:277,0
DA:279,0
DA:283,3
LF:113
LH:34
BRDA:24,0,0,0
BRDA:24,0,1,1
BRDA:51,1,0,0
BRDA:51,1,1,0
BRDA:57,2,0,0
BRDA:57,2,1,0
BRDA:63,3,0,0
BRDA:63,3,1,0
BRDA:124,4,0,0
BRDA:124,4,1,1
BRDA:124,5,0,1
BRDA:124,5,1,1
BRDA:135,6,0,2
BRDA:135,6,1,0
BRDA:181,7,0,0
BRDA:181,7,1,0
BRDA:190,8,0,0
BRDA:190,8,1,0
BRDA:191,9,0,0
BRDA:191,9,1,0
BRDA:209,10,0,0
BRDA:209,10,1,0
BRDA:256,11,0,1
BRDA:256,11,1,1
BRDA:261,12,0,1
BRDA:261,12,1,0
BRDA:264,13,0,0
BRDA:264,13,1,0
BRF:28
BRH:8
end_of_record
TN:
SF:Controllers\LessonController.js
FN:4,(anonymous_0)
FN:26,(anonymous_1)
FN:28,(anonymous_2)
FN:40,(anonymous_3)
FN:56,(anonymous_4)
FN:74,(anonymous_5)
FN:121,(anonymous_6)
FN:134,(anonymous_7)
FN:158,(anonymous_8)
FNF:9
FNH:1
FNDA:0,(anonymous_0)
FNDA:0,(anonymous_1)
FNDA:0,(anonymous_2)
FNDA:0,(anonymous_3)
FNDA:0,(anonymous_4)
FNDA:0,(anonymous_5)
FNDA:0,(anonymous_6)
FNDA:0,(anonymous_7)
FNDA:3,(anonymous_8)
DA:1,1
DA:2,1
DA:4,1
DA:5,0
DA:6,0
DA:7,0
DA:8,0
DA:11,0
DA:12,0
DA:13,0
DA:17,0
DA:18,0
DA:20,0
DA:22,0
DA:26,1
DA:27,0
DA:28,0
DA:29,0
DA:30,0
DA:32,0
DA:36,0
DA:40,1
DA:41,0
DA:42,0
DA:44,0
DA:45,0
DA:47,0
DA:50,0
DA:56,1
DA:57,0
DA:58,0
DA:63,0
DA:64,0
DA:67,0
DA:69,0
DA:74,1
DA:75,0
DA:76,0
DA:77,0
DA:78,0
DA:81,0
DA:83,0
DA:121,1
DA:122,0
DA:124,0
DA:134,0
DA:135,0
DA:142,0
DA:143,0
DA:145,0
DA:148,0
DA:151,0
DA:153,0
DA:154,0
DA:158,1
DA:159,3
DA:160,3
DA:161,3
DA:162,2
DA:164,1
DA:165,1
LF:61
LH:15
BRDA:12,0,0,0
BRDA:12,0,1,0
BRDA:29,1,0,0
BRDA:29,1,1,0
BRDA:44,2,0,0
BRDA:44,2,1,0
BRDA:63,3,0,0
BRDA:63,3,1,0
BRDA:77,4,0,0
BRDA:77,4,1,0
BRDA:138,5,0,0
BRDA:138,5,1,0
BRDA:142,6,0,0
BRDA:142,6,1,0
BRDA:142,7,0,0
BRDA:142,7,1,0
BRF:16
BRH:0
end_of_record
TN:
SF:Controllers\QuizController.js
FN:4,(anonymous_0)
FN:26,(anonymous_1)
FN:28,(anonymous_2)
FN:40,(anonymous_3)
FN:56,(anonymous_4)
FN:74,(anonymous_5)
FN:88,(anonymous_6)
FNF:7
FNH:1
FNDA:0,(anonymous_0)
FNDA:0,(anonymous_1)
FNDA:0,(anonymous_2)
FNDA:0,(anonymous_3)
FNDA:0,(anonymous_4)
FNDA:0,(anonymous_5)
FNDA:3,(anonymous_6)
DA:1,1
DA:2,1
DA:4,1
DA:5,0
DA:7,0
DA:8,0
DA:9,0
DA:12,0
DA:13,0
DA:14,0
DA:17,0
DA:18,0
DA:20,0
DA:22,0
DA:26,1
DA:27,0
DA:28,0
DA:29,0
DA:30,0
DA:32,0
DA:36,0
DA:40,1
DA:41,0
DA:42,0
DA:44,0
DA:45,0
DA:47,0
DA:50,0
DA:56,1
DA:57,0
DA:58,0
DA:63,0
DA:64,0
DA:67,0
DA:69,0
DA:74,1
DA:75,0
DA:76,0
DA:77,0
DA:78,0
DA:81,0
DA:83,0
DA:88,1
DA:89,3
DA:90,3
DA:91,3
DA:92,2
DA:94,1
DA:95,1
LF:49
LH:14
BRDA:13,0,0,0
BRDA:13,0,1,0
BRDA:29,1,0,0
BRDA:29,1,1,0
BRDA:44,2,0,0
BRDA:44,2,1,0
BRDA:63,3,0,0
BRDA:63,3,1,0
BRDA:77,4,0,0
BRDA:77,4,1,0
BRF:10
BRH:0
end_of_record
TN:
SF:Controllers\UnitController.js
FN:10,(anonymous_0)
FN:23,(anonymous_1)
FN:33,(anonymous_2)
FN:43,(anonymous_3)
FN:58,(anonymous_4)
FN:71,(anonymous_5)
FN:83,(anonymous_6)
FN:93,(anonymous_7)
FN:98,(anonymous_8)
FN:116,(anonymous_9)
FNF:10
FNH:7
FNDA:1,(anonymous_0)
FNDA:1,(anonymous_1)
FNDA:1,(anonymous_2)
FNDA:1,(anonymous_3)
FNDA:0,(anonymous_4)
FNDA:0,(anonymous_5)
FNDA:1,(anonymous_6)
FNDA:2,(anonymous_7)
FNDA:2,(anonymous_8)
FNDA:0,(anonymous_9)
DA:1,1
DA:2,1
DA:4,1
DA:5,1
DA:6,1
DA:7,1
DA:10,1
DA:11,1
DA:12,1
DA:13,1
DA:14,1
DA:15,1
DA:17,0
DA:23,1
DA:24,1
DA:25,1
DA:26,1
DA:28,0
DA:33,1
DA:34,1
DA:35,1
DA:36,1
DA:38,0
DA:43,1
DA:44,1
DA:45,1
DA:46,1
DA:51,1
DA:53,0
DA:58,1
DA:59,0
DA:60,0
DA:61,0
DA:62,0
DA:63,0
DA:64,0
DA:66,0
DA:71,1
DA:72,0
DA:73,0
DA:74,0
DA:75,0
DA:76,0
DA:77,0
DA:79,0
DA:83,1
DA:84,1
DA:86,1
DA:89,1
DA:92,1
DA:93,1
DA:94,2
DA:98,2
DA:108,1
DA:110,0
DA:111,0
DA:112,0
DA:116,1
DA:117,0
DA:118,0
DA:120,0
DA:121,0
DA:123,0
DA:124,0
DA:128,1
LF:65
LH:38
BRDA:103,0,0,2
BRDA:103,0,1,0
BRF:2
BRH:1
end_of_record
TN:
SF:Models\Course.js
FNF:0
FNH:0
DA:1,6
DA:3,6
DA:31,6
LF:3
LH:3
BRF:0
BRH:0
end_of_record
TN:
SF:Models\Enrollement.js
FNF:0
FNH:0
DA:1,3
DA:3,3
DA:63,3
DA:67,3
LF:4
LH:4
BRF:0
BRH:0
end_of_record
TN:
SF:Models\Lesson.js
FNF:0
FNH:0
DA:1,1
DA:3,1
DA:22,1
LF:3
LH:3
BRF:0
BRH:0
end_of_record
TN:
SF:Models\Questions.js
FNF:0
FNH:0
DA:1,1
DA:3,1
DA:28,1
LF:3
LH:3
BRF:0
BRH:0
end_of_record
TN:
SF:Models\Quiz.js
FNF:0
FNH:0
DA:1,1
DA:3,1
DA:36,1
LF:3
LH:3
BRF:0
BRH:0
end_of_record
TN:
SF:Models\Unit.js
FNF:0
FNH:0
DA:1,2
DA:3,2
DA:29,2
LF:3
LH:3
BRF:0
BRH:0
end_of_record
TN:
SF:Routes\CourseRoutes.js
FNF:0
FNH:0
DA:1,1
DA:2,1
DA:3,1
DA:5,1
DA:6,1
DA:7,1
DA:8,1
DA:9,1
DA:10,1
DA:11,1
DA:12,1
DA:13,1
DA:15,1
LF:13
LH:13
BRF:0
BRH:0
end_of_record
TN:
SF:Routes\EnrollementRoutes.js
FNF:0
FNH:0
DA:1,3
DA:2,3
DA:4,3
DA:6,3
DA:8,3
DA:10,3
DA:17,3
DA:18,3
DA:23,3
DA:27,3
LF:10
LH:10
BRF:0
BRH:0
end_of_record
TN:
SF:Routes\LessonRoutes.js
FNF:0
FNH:0
DA:1,1
DA:2,1
DA:3,1
DA:5,1
DA:6,1
DA:7,1
DA:8,1
DA:10,1
DA:11,1
DA:12,1
DA:14,1
LF:11
LH:11
BRF:0
BRH:0
end_of_record
TN:
SF:Routes\QuizRoutes.js
FNF:0
FNH:0
DA:1,1
DA:2,1
DA:3,1
DA:5,1
DA:6,1
DA:7,1
DA:9,1
DA:10,1
DA:11,1
DA:13,1
LF:10
LH:10
BRF:0
BRH:0
end_of_record
TN:
SF:Routes\UnitRoute.js
FNF:0
FNH:0
DA:1,1
DA:2,1
DA:3,1
DA:5,1
DA:6,1
DA:7,1
DA:8,1
DA:9,1
DA:10,1
DA:11,1
DA:12,1
DA:14,1
LF:12
LH:12
BRF:0
BRH:0
end_of_record
